<?xml version="1.0" encoding="UTF-8"?>
<coverage generated="1702756694">
  <project timestamp="1702756694">
    <file name="/home/runner/work/nav-api-v3-php/nav-api-v3-php/src/V3/Base/BaseObject.php">
      <class name="LightSideSoftware\NavApi\V3\Base\BaseObject" namespace="global">
        <metrics complexity="2" methods="2" coveredmethods="2" conditionals="0" coveredconditionals="0" statements="10" coveredstatements="10" elements="12" coveredelements="12"/>
      </class>
      <line num="23" type="method" name="attributes" visibility="public" complexity="1" crap="1" count="12"/>
      <line num="25" type="stmt" count="12"/>
      <line num="26" type="stmt" count="12"/>
      <line num="28" type="stmt" count="12"/>
      <line num="29" type="stmt" count="12"/>
      <line num="30" type="stmt" count="12"/>
      <line num="36" type="method" name="toArray" visibility="public" complexity="1" crap="1" count="11"/>
      <line num="38" type="stmt" count="11"/>
      <line num="40" type="stmt" count="11"/>
      <line num="41" type="stmt" count="11"/>
      <line num="42" type="stmt" count="11"/>
      <line num="44" type="stmt" count="11"/>
      <metrics loc="47" ncloc="36" classes="1" methods="2" coveredmethods="2" conditionals="0" coveredconditionals="0" statements="10" coveredstatements="10" elements="12" coveredelements="12"/>
    </file>
    <file name="/home/runner/work/nav-api-v3-php/nav-api-v3-php/src/V3/Exceptions/BusinessFaultException.php">
      <class name="LightSideSoftware\NavApi\V3\Exceptions\BusinessFaultException" namespace="global">
        <metrics complexity="2" methods="2" coveredmethods="2" conditionals="0" coveredconditionals="0" statements="2" coveredstatements="2" elements="4" coveredelements="4"/>
      </class>
      <line num="18" type="method" name="__construct" visibility="public" complexity="1" crap="1" count="2"/>
      <line num="24" type="stmt" count="2"/>
      <line num="27" type="method" name="getResponse" visibility="public" complexity="1" crap="1" count="1"/>
      <line num="29" type="stmt" count="1"/>
      <metrics loc="32" ncloc="27" classes="1" methods="2" coveredmethods="2" conditionals="0" coveredconditionals="0" statements="2" coveredstatements="2" elements="4" coveredelements="4"/>
    </file>
    <file name="/home/runner/work/nav-api-v3-php/nav-api-v3-php/src/V3/Exceptions/GeneralErrorResponseException.php">
      <class name="LightSideSoftware\NavApi\V3\Exceptions\GeneralErrorResponseException" namespace="global">
        <metrics complexity="3" methods="3" coveredmethods="3" conditionals="0" coveredconditionals="0" statements="10" coveredstatements="10" elements="13" coveredelements="13"/>
      </class>
      <line num="19" type="method" name="__construct" visibility="public" complexity="1" crap="1" count="2"/>
      <line num="25" type="stmt" count="2"/>
      <line num="28" type="method" name="getResponse" visibility="public" complexity="1" crap="1" count="1"/>
      <line num="30" type="stmt" count="1"/>
      <line num="33" type="method" name="fromClientException" visibility="public" complexity="1" crap="1" count="1"/>
      <line num="35" type="stmt" count="1"/>
      <line num="37" type="stmt" count="1"/>
      <line num="39" type="stmt" count="1"/>
      <line num="40" type="stmt" count="1"/>
      <line num="41" type="stmt" count="1"/>
      <line num="42" type="stmt" count="1"/>
      <line num="43" type="stmt" count="1"/>
      <line num="44" type="stmt" count="1"/>
      <metrics loc="47" ncloc="42" classes="1" methods="3" coveredmethods="3" conditionals="0" coveredconditionals="0" statements="10" coveredstatements="10" elements="13" coveredelements="13"/>
    </file>
    <file name="/home/runner/work/nav-api-v3-php/nav-api-v3-php/src/V3/Exceptions/GeneralExceptionResponseException.php">
      <class name="LightSideSoftware\NavApi\V3\Exceptions\GeneralExceptionResponseException" namespace="global">
        <metrics complexity="3" methods="3" coveredmethods="3" conditionals="0" coveredconditionals="0" statements="10" coveredstatements="10" elements="13" coveredelements="13"/>
      </class>
      <line num="19" type="method" name="__construct" visibility="public" complexity="1" crap="1" count="2"/>
      <line num="25" type="stmt" count="2"/>
      <line num="28" type="method" name="getResponse" visibility="public" complexity="1" crap="1" count="1"/>
      <line num="30" type="stmt" count="1"/>
      <line num="33" type="method" name="fromClientException" visibility="public" complexity="1" crap="1" count="1"/>
      <line num="35" type="stmt" count="1"/>
      <line num="37" type="stmt" count="1"/>
      <line num="39" type="stmt" count="1"/>
      <line num="40" type="stmt" count="1"/>
      <line num="41" type="stmt" count="1"/>
      <line num="42" type="stmt" count="1"/>
      <line num="43" type="stmt" count="1"/>
      <line num="44" type="stmt" count="1"/>
      <metrics loc="47" ncloc="42" classes="1" methods="3" coveredmethods="3" conditionals="0" coveredconditionals="0" statements="10" coveredstatements="10" elements="13" coveredelements="13"/>
    </file>
    <file name="/home/runner/work/nav-api-v3-php/nav-api-v3-php/src/V3/Exceptions/InvalidConfigException.php">
      <class name="LightSideSoftware\NavApi\V3\Exceptions\InvalidConfigException" namespace="global">
        <metrics complexity="0" methods="0" coveredmethods="0" conditionals="0" coveredconditionals="0" statements="0" coveredstatements="0" elements="0" coveredelements="0"/>
      </class>
      <metrics loc="17" ncloc="12" classes="0" methods="0" coveredmethods="0" conditionals="0" coveredconditionals="0" statements="0" coveredstatements="0" elements="0" coveredelements="0"/>
    </file>
    <file name="/home/runner/work/nav-api-v3-php/nav-api-v3-php/src/V3/Exceptions/ValidationException.php">
      <class name="LightSideSoftware\NavApi\V3\Exceptions\ValidationException" namespace="global">
        <metrics complexity="2" methods="2" coveredmethods="2" conditionals="0" coveredconditionals="0" statements="2" coveredstatements="2" elements="4" coveredelements="4"/>
      </class>
      <line num="16" type="method" name="__construct" visibility="public" complexity="1" crap="1" count="13"/>
      <line num="22" type="stmt" count="13"/>
      <line num="25" type="method" name="getValidationErrors" visibility="public" complexity="1" crap="1" count="1"/>
      <line num="27" type="stmt" count="1"/>
      <metrics loc="30" ncloc="27" classes="1" methods="2" coveredmethods="2" conditionals="0" coveredconditionals="0" statements="2" coveredstatements="2" elements="4" coveredelements="4"/>
    </file>
    <file name="/home/runner/work/nav-api-v3-php/nav-api-v3-php/src/V3/Factories/InvoiceServiceClientFactory.php">
      <class name="LightSideSoftware\NavApi\V3\Factories\InvoiceServiceClientFactory" namespace="global">
        <metrics complexity="46" methods="44" coveredmethods="44" conditionals="0" coveredconditionals="0" statements="96" coveredstatements="96" elements="140" coveredelements="140"/>
      </class>
      <line num="75" type="method" name="__construct" visibility="public" complexity="1" crap="1" count="15"/>
      <line num="77" type="stmt" count="15"/>
      <line num="84" type="method" name="productionBaseUrl" visibility="public" complexity="1" crap="1" count="1"/>
      <line num="86" type="stmt" count="1"/>
      <line num="94" type="method" name="testBaseUrl" visibility="public" complexity="1" crap="1" count="13"/>
      <line num="96" type="stmt" count="13"/>
      <line num="104" type="method" name="getBaseUrl" visibility="public" complexity="1" crap="1" count="1"/>
      <line num="106" type="stmt" count="1"/>
      <line num="115" type="method" name="baseUrl" visibility="public" complexity="1" crap="1" count="14"/>
      <line num="117" type="stmt" count="14"/>
      <line num="119" type="stmt" count="14"/>
      <line num="127" type="method" name="getTimeout" visibility="public" complexity="1" crap="1" count="1"/>
      <line num="129" type="stmt" count="1"/>
      <line num="139" type="method" name="timeout" visibility="public" complexity="1" crap="1" count="1"/>
      <line num="141" type="stmt" count="1"/>
      <line num="143" type="stmt" count="1"/>
      <line num="151" type="method" name="getLogin" visibility="public" complexity="1" crap="1" count="1"/>
      <line num="153" type="stmt" count="1"/>
      <line num="162" type="method" name="login" visibility="public" complexity="1" crap="1" count="14"/>
      <line num="164" type="stmt" count="14"/>
      <line num="166" type="stmt" count="14"/>
      <line num="173" type="method" name="getXmlSignKey" visibility="public" complexity="1" crap="1" count="1"/>
      <line num="175" type="stmt" count="1"/>
      <line num="184" type="method" name="xmlSignKey" visibility="public" complexity="1" crap="1" count="14"/>
      <line num="186" type="stmt" count="14"/>
      <line num="188" type="stmt" count="14"/>
      <line num="196" type="method" name="getXmlChangeKey" visibility="public" complexity="1" crap="1" count="1"/>
      <line num="198" type="stmt" count="1"/>
      <line num="207" type="method" name="xmlChangeKey" visibility="public" complexity="1" crap="1" count="14"/>
      <line num="209" type="stmt" count="14"/>
      <line num="211" type="stmt" count="14"/>
      <line num="219" type="method" name="getPassword" visibility="public" complexity="1" crap="1" count="1"/>
      <line num="221" type="stmt" count="1"/>
      <line num="230" type="method" name="password" visibility="public" complexity="1" crap="1" count="14"/>
      <line num="232" type="stmt" count="14"/>
      <line num="234" type="stmt" count="14"/>
      <line num="242" type="method" name="getTaxNumber" visibility="public" complexity="1" crap="1" count="2"/>
      <line num="244" type="stmt" count="2"/>
      <line num="253" type="method" name="taxNumber" visibility="public" complexity="1" crap="1" count="14"/>
      <line num="255" type="stmt" count="14"/>
      <line num="257" type="stmt" count="14"/>
      <line num="265" type="method" name="getRequestIdProvider" visibility="public" complexity="1" crap="1" count="1"/>
      <line num="267" type="stmt" count="1"/>
      <line num="276" type="method" name="requestIdProvider" visibility="public" complexity="1" crap="1" count="1"/>
      <line num="278" type="stmt" count="1"/>
      <line num="280" type="stmt" count="1"/>
      <line num="288" type="method" name="getDateTimeProvider" visibility="public" complexity="1" crap="1" count="1"/>
      <line num="290" type="stmt" count="1"/>
      <line num="299" type="method" name="dateTimeProvider" visibility="public" complexity="1" crap="1" count="1"/>
      <line num="301" type="stmt" count="1"/>
      <line num="303" type="stmt" count="1"/>
      <line num="311" type="method" name="getSoftwareId" visibility="public" complexity="1" crap="1" count="1"/>
      <line num="313" type="stmt" count="1"/>
      <line num="322" type="method" name="softwareId" visibility="public" complexity="1" crap="1" count="14"/>
      <line num="324" type="stmt" count="14"/>
      <line num="326" type="stmt" count="14"/>
      <line num="334" type="method" name="getSoftwareName" visibility="public" complexity="1" crap="1" count="1"/>
      <line num="336" type="stmt" count="1"/>
      <line num="345" type="method" name="softwareName" visibility="public" complexity="1" crap="1" count="14"/>
      <line num="347" type="stmt" count="14"/>
      <line num="349" type="stmt" count="14"/>
      <line num="357" type="method" name="getSoftwareOperation" visibility="public" complexity="1" crap="1" count="1"/>
      <line num="359" type="stmt" count="1"/>
      <line num="368" type="method" name="softwareOperation" visibility="public" complexity="1" crap="1" count="14"/>
      <line num="370" type="stmt" count="14"/>
      <line num="372" type="stmt" count="14"/>
      <line num="380" type="method" name="getSoftwareMainVersion" visibility="public" complexity="1" crap="1" count="1"/>
      <line num="382" type="stmt" count="1"/>
      <line num="391" type="method" name="softwareMainVersion" visibility="public" complexity="1" crap="1" count="14"/>
      <line num="393" type="stmt" count="14"/>
      <line num="395" type="stmt" count="14"/>
      <line num="403" type="method" name="getSoftwareDevName" visibility="public" complexity="1" crap="1" count="1"/>
      <line num="405" type="stmt" count="1"/>
      <line num="414" type="method" name="softwareDevName" visibility="public" complexity="1" crap="1" count="14"/>
      <line num="416" type="stmt" count="14"/>
      <line num="418" type="stmt" count="14"/>
      <line num="426" type="method" name="getSoftwareDevContact" visibility="public" complexity="1" crap="1" count="1"/>
      <line num="428" type="stmt" count="1"/>
      <line num="437" type="method" name="softwareDevContact" visibility="public" complexity="1" crap="1" count="14"/>
      <line num="439" type="stmt" count="14"/>
      <line num="441" type="stmt" count="14"/>
      <line num="449" type="method" name="getSoftwareDevCountryCode" visibility="public" complexity="1" crap="1" count="1"/>
      <line num="451" type="stmt" count="1"/>
      <line num="460" type="method" name="softwareDevCountryCode" visibility="public" complexity="1" crap="1" count="14"/>
      <line num="462" type="stmt" count="14"/>
      <line num="464" type="stmt" count="14"/>
      <line num="472" type="method" name="getSoftwareDevTaxNumber" visibility="public" complexity="1" crap="1" count="1"/>
      <line num="474" type="stmt" count="1"/>
      <line num="483" type="method" name="softwareDevTaxNumber" visibility="public" complexity="1" crap="1" count="14"/>
      <line num="485" type="stmt" count="14"/>
      <line num="487" type="stmt" count="14"/>
      <line num="495" type="method" name="create" visibility="public" complexity="1" crap="1" count="15"/>
      <line num="497" type="stmt" count="15"/>
      <line num="504" type="method" name="createClient" visibility="public" complexity="1" crap="1" count="2"/>
      <line num="506" type="stmt" count="2"/>
      <line num="508" type="stmt" count="1"/>
      <line num="509" type="stmt" count="1"/>
      <line num="520" type="method" name="createClientMock" visibility="public" complexity="1" crap="1" count="13"/>
      <line num="522" type="stmt" count="13"/>
      <line num="524" type="stmt" count="13"/>
      <line num="526" type="stmt" count="13"/>
      <line num="527" type="stmt" count="13"/>
      <line num="528" type="stmt" count="13"/>
      <line num="530" type="stmt" count="13"/>
      <line num="533" type="method" name="getMockHandler" visibility="public" complexity="1" crap="1" count="10"/>
      <line num="535" type="stmt" count="10"/>
      <line num="541" type="method" name="validate" visibility="private" complexity="2" crap="2" count="15"/>
      <line num="543" type="stmt" count="15"/>
      <line num="544" type="stmt" count="1"/>
      <line num="548" type="method" name="makeHttpClientOptions" visibility="private" complexity="2" crap="2" count="14"/>
      <line num="555" type="stmt" count="14"/>
      <line num="557" type="stmt" count="14"/>
      <line num="558" type="stmt" count="14"/>
      <line num="559" type="stmt" count="14"/>
      <line num="560" type="stmt" count="14"/>
      <line num="562" type="stmt" count="14"/>
      <line num="563" type="stmt" count="1"/>
      <line num="566" type="stmt" count="14"/>
      <line num="574" type="method" name="createInvoiceClient" visibility="private" complexity="1" crap="1" count="14"/>
      <line num="576" type="stmt" count="14"/>
      <line num="578" type="stmt" count="14"/>
      <line num="579" type="stmt" count="14"/>
      <line num="580" type="stmt" count="14"/>
      <line num="581" type="stmt" count="14"/>
      <line num="582" type="stmt" count="14"/>
      <line num="583" type="stmt" count="14"/>
      <line num="584" type="stmt" count="14"/>
      <line num="585" type="stmt" count="14"/>
      <line num="586" type="stmt" count="14"/>
      <line num="587" type="stmt" count="14"/>
      <line num="588" type="stmt" count="14"/>
      <line num="589" type="stmt" count="14"/>
      <line num="590" type="stmt" count="14"/>
      <line num="591" type="stmt" count="14"/>
      <line num="592" type="stmt" count="14"/>
      <line num="593" type="stmt" count="14"/>
      <line num="594" type="stmt" count="14"/>
      <line num="595" type="stmt" count="14"/>
      <line num="596" type="stmt" count="14"/>
      <line num="597" type="stmt" count="14"/>
      <metrics loc="600" ncloc="367" classes="1" methods="44" coveredmethods="44" conditionals="0" coveredconditionals="0" statements="96" coveredstatements="96" elements="140" coveredelements="140"/>
    </file>
    <file name="/home/runner/work/nav-api-v3-php/nav-api-v3-php/src/V3/Factories/MetricServiceClientFactory.php">
      <class name="LightSideSoftware\NavApi\V3\Factories\MetricServiceClientFactory" namespace="global">
        <metrics complexity="15" methods="13" coveredmethods="13" conditionals="0" coveredconditionals="0" statements="31" coveredstatements="31" elements="44" coveredelements="44"/>
      </class>
      <line num="43" type="method" name="productionBaseUrl" visibility="public" complexity="1" crap="1" count="1"/>
      <line num="45" type="stmt" count="1"/>
      <line num="53" type="method" name="testBaseUrl" visibility="public" complexity="1" crap="1" count="6"/>
      <line num="55" type="stmt" count="6"/>
      <line num="63" type="method" name="getBaseUrl" visibility="public" complexity="1" crap="1" count="1"/>
      <line num="65" type="stmt" count="1"/>
      <line num="74" type="method" name="baseUrl" visibility="public" complexity="1" crap="1" count="7"/>
      <line num="76" type="stmt" count="7"/>
      <line num="78" type="stmt" count="7"/>
      <line num="86" type="method" name="getTimeout" visibility="public" complexity="1" crap="1" count="1"/>
      <line num="88" type="stmt" count="1"/>
      <line num="98" type="method" name="timeout" visibility="public" complexity="1" crap="1" count="1"/>
      <line num="100" type="stmt" count="1"/>
      <line num="102" type="stmt" count="1"/>
      <line num="110" type="method" name="create" visibility="public" complexity="1" crap="1" count="8"/>
      <line num="112" type="stmt" count="8"/>
      <line num="120" type="method" name="createClient" visibility="public" complexity="1" crap="1" count="2"/>
      <line num="122" type="stmt" count="2"/>
      <line num="124" type="stmt" count="1"/>
      <line num="126" type="stmt" count="1"/>
      <line num="136" type="method" name="createClientMock" visibility="public" complexity="1" crap="1" count="6"/>
      <line num="138" type="stmt" count="6"/>
      <line num="140" type="stmt" count="6"/>
      <line num="142" type="stmt" count="6"/>
      <line num="143" type="stmt" count="6"/>
      <line num="144" type="stmt" count="6"/>
      <line num="146" type="stmt" count="6"/>
      <line num="149" type="method" name="getMockHandler" visibility="public" complexity="1" crap="1" count="3"/>
      <line num="151" type="stmt" count="3"/>
      <line num="154" type="method" name="createMetricClient" visibility="private" complexity="1" crap="1" count="7"/>
      <line num="156" type="stmt" count="7"/>
      <line num="158" type="stmt" count="7"/>
      <line num="164" type="method" name="validate" visibility="private" complexity="2" crap="2" count="8"/>
      <line num="166" type="stmt" count="8"/>
      <line num="167" type="stmt" count="1"/>
      <line num="171" type="method" name="makeHttpClientOptions" visibility="private" complexity="2" crap="2" count="7"/>
      <line num="178" type="stmt" count="7"/>
      <line num="180" type="stmt" count="7"/>
      <line num="181" type="stmt" count="7"/>
      <line num="182" type="stmt" count="7"/>
      <line num="183" type="stmt" count="7"/>
      <line num="185" type="stmt" count="7"/>
      <line num="186" type="stmt" count="1"/>
      <line num="189" type="stmt" count="7"/>
      <metrics loc="192" ncloc="128" classes="1" methods="13" coveredmethods="13" conditionals="0" coveredconditionals="0" statements="31" coveredstatements="31" elements="44" coveredelements="44"/>
    </file>
    <file name="/home/runner/work/nav-api-v3-php/nav-api-v3-php/src/V3/InvoiceServiceClient.php">
      <class name="LightSideSoftware\NavApi\V3\InvoiceServiceClient" namespace="global">
        <metrics complexity="21" methods="15" coveredmethods="15" conditionals="0" coveredconditionals="0" statements="192" coveredstatements="192" elements="207" coveredelements="207"/>
      </class>
      <line num="76" type="method" name="__construct" visibility="public" complexity="1" crap="1" count="14"/>
      <line num="87" type="stmt" count="14"/>
      <line num="94" type="method" name="manageAnnulment" visibility="public" complexity="1" crap="1" count="1"/>
      <line num="96" type="stmt" count="1"/>
      <line num="97" type="stmt" count="1"/>
      <line num="99" type="stmt" count="1"/>
      <line num="100" type="stmt" count="1"/>
      <line num="102" type="stmt" count="1"/>
      <line num="103" type="stmt" count="1"/>
      <line num="104" type="stmt" count="1"/>
      <line num="105" type="stmt" count="1"/>
      <line num="106" type="stmt" count="1"/>
      <line num="107" type="stmt" count="1"/>
      <line num="108" type="stmt" count="1"/>
      <line num="111" type="stmt" count="1"/>
      <line num="112" type="stmt" count="1"/>
      <line num="113" type="stmt" count="1"/>
      <line num="114" type="stmt" count="1"/>
      <line num="115" type="stmt" count="1"/>
      <line num="117" type="stmt" count="1"/>
      <line num="125" type="method" name="manageInvoice" visibility="public" complexity="1" crap="1" count="1"/>
      <line num="127" type="stmt" count="1"/>
      <line num="128" type="stmt" count="1"/>
      <line num="130" type="stmt" count="1"/>
      <line num="131" type="stmt" count="1"/>
      <line num="133" type="stmt" count="1"/>
      <line num="134" type="stmt" count="1"/>
      <line num="135" type="stmt" count="1"/>
      <line num="136" type="stmt" count="1"/>
      <line num="137" type="stmt" count="1"/>
      <line num="138" type="stmt" count="1"/>
      <line num="139" type="stmt" count="1"/>
      <line num="142" type="stmt" count="1"/>
      <line num="143" type="stmt" count="1"/>
      <line num="144" type="stmt" count="1"/>
      <line num="145" type="stmt" count="1"/>
      <line num="146" type="stmt" count="1"/>
      <line num="148" type="stmt" count="1"/>
      <line num="156" type="method" name="queryInvoiceChainDigest" visibility="public" complexity="1" crap="1" count="1"/>
      <line num="160" type="stmt" count="1"/>
      <line num="161" type="stmt" count="1"/>
      <line num="163" type="stmt" count="1"/>
      <line num="164" type="stmt" count="1"/>
      <line num="165" type="stmt" count="1"/>
      <line num="166" type="stmt" count="1"/>
      <line num="167" type="stmt" count="1"/>
      <line num="168" type="stmt" count="1"/>
      <line num="169" type="stmt" count="1"/>
      <line num="172" type="stmt" count="1"/>
      <line num="173" type="stmt" count="1"/>
      <line num="174" type="stmt" count="1"/>
      <line num="175" type="stmt" count="1"/>
      <line num="176" type="stmt" count="1"/>
      <line num="178" type="stmt" count="1"/>
      <line num="186" type="method" name="queryInvoiceCheck" visibility="public" complexity="1" crap="1" count="1"/>
      <line num="188" type="stmt" count="1"/>
      <line num="189" type="stmt" count="1"/>
      <line num="191" type="stmt" count="1"/>
      <line num="192" type="stmt" count="1"/>
      <line num="193" type="stmt" count="1"/>
      <line num="194" type="stmt" count="1"/>
      <line num="195" type="stmt" count="1"/>
      <line num="196" type="stmt" count="1"/>
      <line num="199" type="stmt" count="1"/>
      <line num="200" type="stmt" count="1"/>
      <line num="201" type="stmt" count="1"/>
      <line num="202" type="stmt" count="1"/>
      <line num="203" type="stmt" count="1"/>
      <line num="205" type="stmt" count="1"/>
      <line num="213" type="method" name="queryInvoiceData" visibility="public" complexity="1" crap="1" count="1"/>
      <line num="215" type="stmt" count="1"/>
      <line num="216" type="stmt" count="1"/>
      <line num="218" type="stmt" count="1"/>
      <line num="219" type="stmt" count="1"/>
      <line num="220" type="stmt" count="1"/>
      <line num="221" type="stmt" count="1"/>
      <line num="222" type="stmt" count="1"/>
      <line num="223" type="stmt" count="1"/>
      <line num="226" type="stmt" count="1"/>
      <line num="227" type="stmt" count="1"/>
      <line num="228" type="stmt" count="1"/>
      <line num="229" type="stmt" count="1"/>
      <line num="230" type="stmt" count="1"/>
      <line num="232" type="stmt" count="1"/>
      <line num="240" type="method" name="queryInvoiceDigest" visibility="public" complexity="1" crap="1" count="1"/>
      <line num="245" type="stmt" count="1"/>
      <line num="246" type="stmt" count="1"/>
      <line num="248" type="stmt" count="1"/>
      <line num="249" type="stmt" count="1"/>
      <line num="250" type="stmt" count="1"/>
      <line num="251" type="stmt" count="1"/>
      <line num="252" type="stmt" count="1"/>
      <line num="253" type="stmt" count="1"/>
      <line num="254" type="stmt" count="1"/>
      <line num="255" type="stmt" count="1"/>
      <line num="258" type="stmt" count="1"/>
      <line num="259" type="stmt" count="1"/>
      <line num="260" type="stmt" count="1"/>
      <line num="261" type="stmt" count="1"/>
      <line num="262" type="stmt" count="1"/>
      <line num="264" type="stmt" count="1"/>
      <line num="272" type="method" name="queryTransactionList" visibility="public" complexity="1" crap="1" count="1"/>
      <line num="277" type="stmt" count="1"/>
      <line num="278" type="stmt" count="1"/>
      <line num="280" type="stmt" count="1"/>
      <line num="281" type="stmt" count="1"/>
      <line num="282" type="stmt" count="1"/>
      <line num="283" type="stmt" count="1"/>
      <line num="284" type="stmt" count="1"/>
      <line num="285" type="stmt" count="1"/>
      <line num="286" type="stmt" count="1"/>
      <line num="287" type="stmt" count="1"/>
      <line num="290" type="stmt" count="1"/>
      <line num="291" type="stmt" count="1"/>
      <line num="292" type="stmt" count="1"/>
      <line num="293" type="stmt" count="1"/>
      <line num="294" type="stmt" count="1"/>
      <line num="296" type="stmt" count="1"/>
      <line num="304" type="method" name="queryTransactionStatus" visibility="public" complexity="1" crap="1" count="1"/>
      <line num="308" type="stmt" count="1"/>
      <line num="309" type="stmt" count="1"/>
      <line num="311" type="stmt" count="1"/>
      <line num="312" type="stmt" count="1"/>
      <line num="313" type="stmt" count="1"/>
      <line num="314" type="stmt" count="1"/>
      <line num="315" type="stmt" count="1"/>
      <line num="316" type="stmt" count="1"/>
      <line num="317" type="stmt" count="1"/>
      <line num="320" type="stmt" count="1"/>
      <line num="321" type="stmt" count="1"/>
      <line num="322" type="stmt" count="1"/>
      <line num="323" type="stmt" count="1"/>
      <line num="324" type="stmt" count="1"/>
      <line num="326" type="stmt" count="1"/>
      <line num="334" type="method" name="queryTaxpayer" visibility="public" complexity="1" crap="1" count="1"/>
      <line num="336" type="stmt" count="1"/>
      <line num="337" type="stmt" count="1"/>
      <line num="339" type="stmt" count="1"/>
      <line num="340" type="stmt" count="1"/>
      <line num="341" type="stmt" count="1"/>
      <line num="342" type="stmt" count="1"/>
      <line num="343" type="stmt" count="1"/>
      <line num="344" type="stmt" count="1"/>
      <line num="347" type="stmt" count="1"/>
      <line num="348" type="stmt" count="1"/>
      <line num="349" type="stmt" count="1"/>
      <line num="350" type="stmt" count="1"/>
      <line num="351" type="stmt" count="1"/>
      <line num="353" type="stmt" count="1"/>
      <line num="361" type="method" name="tokenExchange" visibility="public" complexity="1" crap="1" count="6"/>
      <line num="363" type="stmt" count="6"/>
      <line num="364" type="stmt" count="6"/>
      <line num="366" type="stmt" count="6"/>
      <line num="367" type="stmt" count="6"/>
      <line num="368" type="stmt" count="6"/>
      <line num="369" type="stmt" count="6"/>
      <line num="370" type="stmt" count="6"/>
      <line num="373" type="stmt" count="6"/>
      <line num="374" type="stmt" count="6"/>
      <line num="375" type="stmt" count="6"/>
      <line num="376" type="stmt" count="6"/>
      <line num="377" type="stmt" count="6"/>
      <line num="379" type="stmt" count="3"/>
      <line num="392" type="method" name="post" visibility="private" complexity="7" crap="7" count="13"/>
      <line num="397" type="stmt" count="13"/>
      <line num="400" type="stmt" count="13"/>
      <line num="401" type="stmt" count="13"/>
      <line num="402" type="stmt" count="13"/>
      <line num="404" type="stmt" count="10"/>
      <line num="406" type="stmt" count="10"/>
      <line num="407" type="stmt" count="3"/>
      <line num="408" type="stmt" count="3"/>
      <line num="410" type="stmt" count="3"/>
      <line num="411" type="stmt" count="3"/>
      <line num="412" type="stmt" count="3"/>
      <line num="413" type="stmt" count="3"/>
      <line num="416" type="stmt" count="3"/>
      <line num="421" type="stmt" count="3"/>
      <line num="423" type="stmt" count="3"/>
      <line num="425" type="stmt" count="2"/>
      <line num="426" type="stmt" count="2"/>
      <line num="427" type="stmt" count="2"/>
      <line num="428" type="stmt" count="2"/>
      <line num="429" type="stmt" count="2"/>
      <line num="430" type="stmt" count="2"/>
      <line num="431" type="stmt" count="2"/>
      <line num="433" type="stmt" count="3"/>
      <line num="437" type="stmt" count="3"/>
      <line num="438" type="stmt" count="2"/>
      <line num="441" type="stmt" count="1"/>
      <line num="445" type="method" name="makeBasicHeader" visibility="private" complexity="1" crap="1" count="13"/>
      <line num="447" type="stmt" count="13"/>
      <line num="448" type="stmt" count="13"/>
      <line num="449" type="stmt" count="13"/>
      <line num="450" type="stmt" count="13"/>
      <line num="451" type="stmt" count="13"/>
      <line num="452" type="stmt" count="13"/>
      <line num="455" type="method" name="makeUserHeader" visibility="private" complexity="1" crap="1" count="13"/>
      <line num="457" type="stmt" count="13"/>
      <line num="458" type="stmt" count="13"/>
      <line num="459" type="stmt" count="13"/>
      <line num="460" type="stmt" count="13"/>
      <line num="461" type="stmt" count="13"/>
      <line num="462" type="stmt" count="13"/>
      <line num="465" type="method" name="makeRequestSignatureForQuery" visibility="private" complexity="1" crap="1" count="13"/>
      <line num="467" type="stmt" count="13"/>
      <line num="469" type="stmt" count="13"/>
      <metrics loc="472" ncloc="393" classes="1" methods="15" coveredmethods="15" conditionals="0" coveredconditionals="0" statements="192" coveredstatements="192" elements="207" coveredelements="207"/>
    </file>
    <file name="/home/runner/work/nav-api-v3-php/nav-api-v3-php/src/V3/InvoiceServiceClientInterface.php">
      <metrics loc="170" ncloc="65" classes="0" methods="0" coveredmethods="0" conditionals="0" coveredconditionals="0" statements="0" coveredstatements="0" elements="0" coveredelements="0"/>
    </file>
    <file name="/home/runner/work/nav-api-v3-php/nav-api-v3-php/src/V3/MetricServiceClient.php">
      <class name="LightSideSoftware\NavApi\V3\MetricServiceClient" namespace="global">
        <metrics complexity="12" methods="6" coveredmethods="6" conditionals="0" coveredconditionals="0" statements="41" coveredstatements="41" elements="47" coveredelements="47"/>
      </class>
      <line num="29" type="method" name="__construct" visibility="public" complexity="1" crap="1" count="7"/>
      <line num="31" type="stmt" count="7"/>
      <line num="38" type="method" name="metric" visibility="public" complexity="3" crap="3" count="2"/>
      <line num="40" type="stmt" count="2"/>
      <line num="41" type="stmt" count="2"/>
      <line num="42" type="stmt" count="2"/>
      <line num="43" type="stmt" count="2"/>
      <line num="44" type="stmt" count="2"/>
      <line num="46" type="stmt" count="2"/>
      <line num="47" type="stmt" count="1"/>
      <line num="48" type="stmt" count="1"/>
      <line num="50" type="stmt" count="1"/>
      <line num="59" type="method" name="list" visibility="public" complexity="3" crap="3" count="2"/>
      <line num="61" type="stmt" count="2"/>
      <line num="62" type="stmt" count="2"/>
      <line num="63" type="stmt" count="2"/>
      <line num="64" type="stmt" count="2"/>
      <line num="65" type="stmt" count="2"/>
      <line num="67" type="stmt" count="2"/>
      <line num="68" type="stmt" count="1"/>
      <line num="69" type="stmt" count="1"/>
      <line num="71" type="stmt" count="1"/>
      <line num="80" type="method" name="metricByName" visibility="public" complexity="3" crap="3" count="2"/>
      <line num="82" type="stmt" count="2"/>
      <line num="83" type="stmt" count="2"/>
      <line num="84" type="stmt" count="2"/>
      <line num="85" type="stmt" count="2"/>
      <line num="86" type="stmt" count="2"/>
      <line num="87" type="stmt" count="2"/>
      <line num="89" type="stmt" count="2"/>
      <line num="90" type="stmt" count="1"/>
      <line num="92" type="stmt" count="1"/>
      <line num="93" type="stmt" count="1"/>
      <line num="94" type="stmt" count="1"/>
      <line num="95" type="stmt" count="1"/>
      <line num="96" type="stmt" count="1"/>
      <line num="97" type="stmt" count="1"/>
      <line num="101" type="method" name="getClient" visibility="public" complexity="1" crap="1" count="6"/>
      <line num="103" type="stmt" count="6"/>
      <line num="106" type="method" name="httpOptions" visibility="private" complexity="1" crap="1" count="6"/>
      <line num="112" type="stmt" count="6"/>
      <line num="113" type="stmt" count="6"/>
      <line num="114" type="stmt" count="6"/>
      <line num="115" type="stmt" count="6"/>
      <line num="116" type="stmt" count="6"/>
      <line num="117" type="stmt" count="6"/>
      <line num="118" type="stmt" count="6"/>
      <metrics loc="121" ncloc="98" classes="1" methods="6" coveredmethods="6" conditionals="0" coveredconditionals="0" statements="41" coveredstatements="41" elements="47" coveredelements="47"/>
    </file>
    <file name="/home/runner/work/nav-api-v3-php/nav-api-v3-php/src/V3/MetricServiceClientInterface.php">
      <metrics loc="37" ncloc="18" classes="0" methods="0" coveredmethods="0" conditionals="0" coveredconditionals="0" statements="0" coveredstatements="0" elements="0" coveredelements="0"/>
    </file>
    <file name="/home/runner/work/nav-api-v3-php/nav-api-v3-php/src/V3/Providers/DateTimeProvider.php">
      <class name="LightSideSoftware\NavApi\V3\Providers\DateTimeProvider" namespace="global">
        <metrics complexity="1" methods="1" coveredmethods="1" conditionals="0" coveredconditionals="0" statements="1" coveredstatements="1" elements="2" coveredelements="2"/>
      </class>
      <line num="15" type="method" name="now" visibility="public" complexity="1" crap="1" count="14"/>
      <line num="17" type="stmt" count="14"/>
      <metrics loc="20" ncloc="17" classes="1" methods="1" coveredmethods="1" conditionals="0" coveredconditionals="0" statements="1" coveredstatements="1" elements="2" coveredelements="2"/>
    </file>
    <file name="/home/runner/work/nav-api-v3-php/nav-api-v3-php/src/V3/Providers/IncrementalRequestIdProvider.php">
      <class name="LightSideSoftware\NavApi\V3\Providers\IncrementalRequestIdProvider" namespace="global">
        <metrics complexity="3" methods="3" coveredmethods="3" conditionals="0" coveredconditionals="0" statements="5" coveredstatements="5" elements="8" coveredelements="8"/>
      </class>
      <line num="15" type="method" name="__construct" visibility="public" complexity="1" crap="1" count="1"/>
      <line num="19" type="stmt" count="1"/>
      <line num="21" type="method" name="nextRequestId" visibility="public" complexity="1" crap="1" count="1"/>
      <line num="23" type="stmt" count="1"/>
      <line num="25" type="stmt" count="1"/>
      <line num="27" type="stmt" count="1"/>
      <line num="30" type="method" name="getPrefix" visibility="public" complexity="1" crap="1" count="1"/>
      <line num="32" type="stmt" count="1"/>
      <metrics loc="35" ncloc="32" classes="1" methods="3" coveredmethods="3" conditionals="0" coveredconditionals="0" statements="5" coveredstatements="5" elements="8" coveredelements="8"/>
    </file>
    <file name="/home/runner/work/nav-api-v3-php/nav-api-v3-php/src/V3/Providers/RandomProvider.php">
      <class name="LightSideSoftware\NavApi\V3\Providers\RandomProvider" namespace="global">
        <metrics complexity="5" methods="2" coveredmethods="2" conditionals="0" coveredconditionals="0" statements="12" coveredstatements="12" elements="14" coveredelements="14"/>
      </class>
      <line num="15" type="method" name="number" visibility="public" complexity="1" crap="1" count="43"/>
      <line num="17" type="stmt" count="43"/>
      <line num="20" type="method" name="string" visibility="public" complexity="4" crap="4" count="44"/>
      <line num="22" type="stmt" count="44"/>
      <line num="23" type="stmt" count="1"/>
      <line num="26" type="stmt" count="43"/>
      <line num="27" type="stmt" count="1"/>
      <line num="30" type="stmt" count="42"/>
      <line num="31" type="stmt" count="42"/>
      <line num="33" type="stmt" count="42"/>
      <line num="34" type="stmt" count="42"/>
      <line num="35" type="stmt" count="42"/>
      <line num="36" type="stmt" count="42"/>
      <line num="39" type="stmt" count="42"/>
      <metrics loc="42" ncloc="39" classes="1" methods="2" coveredmethods="2" conditionals="0" coveredconditionals="0" statements="12" coveredstatements="12" elements="14" coveredelements="14"/>
    </file>
    <file name="/home/runner/work/nav-api-v3-php/nav-api-v3-php/src/V3/Providers/RandomProviderInterface.php">
      <metrics loc="14" ncloc="11" classes="0" methods="0" coveredmethods="0" conditionals="0" coveredconditionals="0" statements="0" coveredstatements="0" elements="0" coveredelements="0"/>
    </file>
    <file name="/home/runner/work/nav-api-v3-php/nav-api-v3-php/src/V3/Providers/RequestIdProviderInterface.php">
      <metrics loc="14" ncloc="11" classes="0" methods="0" coveredmethods="0" conditionals="0" coveredconditionals="0" statements="0" coveredstatements="0" elements="0" coveredelements="0"/>
    </file>
    <file name="/home/runner/work/nav-api-v3-php/nav-api-v3-php/src/V3/Providers/TimeAwareRequestIdProvider.php">
      <class name="LightSideSoftware\NavApi\V3\Providers\TimeAwareRequestIdProvider" namespace="global">
        <metrics complexity="3" methods="3" coveredmethods="3" conditionals="0" coveredconditionals="0" statements="5" coveredstatements="5" elements="8" coveredelements="8"/>
      </class>
      <line num="16" type="method" name="__construct" visibility="public" complexity="1" crap="1" count="15"/>
      <line num="21" type="stmt" count="15"/>
      <line num="23" type="method" name="nextRequestId" visibility="public" complexity="1" crap="1" count="14"/>
      <line num="25" type="stmt" count="14"/>
      <line num="26" type="stmt" count="14"/>
      <line num="29" type="method" name="addSuffix" visibility="protected" complexity="1" crap="1" count="14"/>
      <line num="31" type="stmt" count="14"/>
      <line num="33" type="stmt" count="14"/>
      <metrics loc="36" ncloc="33" classes="1" methods="3" coveredmethods="3" conditionals="0" coveredconditionals="0" statements="5" coveredstatements="5" elements="8" coveredelements="8"/>
    </file>
    <file name="/home/runner/work/nav-api-v3-php/nav-api-v3-php/src/V3/Serialization/DateTimeHandler.php">
      <class name="LightSideSoftware\NavApi\V3\Serialization\DateTimeHandler" namespace="global">
        <metrics complexity="4" methods="3" coveredmethods="3" conditionals="0" coveredconditionals="0" statements="22" coveredstatements="22" elements="25" coveredelements="25"/>
      </class>
      <line num="25" type="method" name="getSubscribingMethods" visibility="public" complexity="1" crap="1" count="50"/>
      <line num="27" type="stmt" count="50"/>
      <line num="28" type="stmt" count="50"/>
      <line num="29" type="stmt" count="50"/>
      <line num="30" type="stmt" count="50"/>
      <line num="31" type="stmt" count="50"/>
      <line num="32" type="stmt" count="50"/>
      <line num="33" type="stmt" count="50"/>
      <line num="34" type="stmt" count="50"/>
      <line num="35" type="stmt" count="50"/>
      <line num="36" type="stmt" count="50"/>
      <line num="37" type="stmt" count="50"/>
      <line num="38" type="stmt" count="50"/>
      <line num="39" type="stmt" count="50"/>
      <line num="40" type="stmt" count="50"/>
      <line num="47" type="method" name="serializeDateTimeImmutableToXml" visibility="public" complexity="1" crap="1" count="23"/>
      <line num="53" type="stmt" count="23"/>
      <line num="54" type="stmt" count="23"/>
      <line num="55" type="stmt" count="23"/>
      <line num="61" type="method" name="deserializeDateTimeImmutableFromXml" visibility="public" complexity="2" crap="2" count="30"/>
      <line num="67" type="stmt" count="30"/>
      <line num="69" type="stmt" count="30"/>
      <line num="70" type="stmt" count="3"/>
      <line num="71" type="stmt" count="3"/>
      <line num="74" type="stmt" count="30"/>
      <metrics loc="77" ncloc="63" classes="1" methods="3" coveredmethods="3" conditionals="0" coveredconditionals="0" statements="22" coveredstatements="22" elements="25" coveredelements="25"/>
    </file>
    <file name="/home/runner/work/nav-api-v3-php/nav-api-v3-php/src/V3/Serialization/EnumHandler.php">
      <class name="LightSideSoftware\NavApi\V3\Serialization\EnumHandler" namespace="global">
        <metrics complexity="4" methods="4" coveredmethods="4" conditionals="0" coveredconditionals="0" statements="56" coveredstatements="56" elements="60" coveredelements="60"/>
      </class>
      <line num="56" type="method" name="supportedTypes" visibility="public" complexity="1" crap="1" count="50"/>
      <line num="58" type="stmt" count="50"/>
      <line num="59" type="stmt" count="50"/>
      <line num="60" type="stmt" count="50"/>
      <line num="61" type="stmt" count="50"/>
      <line num="62" type="stmt" count="50"/>
      <line num="63" type="stmt" count="50"/>
      <line num="64" type="stmt" count="50"/>
      <line num="65" type="stmt" count="50"/>
      <line num="66" type="stmt" count="50"/>
      <line num="67" type="stmt" count="50"/>
      <line num="68" type="stmt" count="50"/>
      <line num="69" type="stmt" count="50"/>
      <line num="70" type="stmt" count="50"/>
      <line num="71" type="stmt" count="50"/>
      <line num="72" type="stmt" count="50"/>
      <line num="73" type="stmt" count="50"/>
      <line num="74" type="stmt" count="50"/>
      <line num="75" type="stmt" count="50"/>
      <line num="76" type="stmt" count="50"/>
      <line num="77" type="stmt" count="50"/>
      <line num="78" type="stmt" count="50"/>
      <line num="79" type="stmt" count="50"/>
      <line num="80" type="stmt" count="50"/>
      <line num="81" type="stmt" count="50"/>
      <line num="82" type="stmt" count="50"/>
      <line num="83" type="stmt" count="50"/>
      <line num="84" type="stmt" count="50"/>
      <line num="85" type="stmt" count="50"/>
      <line num="86" type="stmt" count="50"/>
      <line num="87" type="stmt" count="50"/>
      <line num="88" type="stmt" count="50"/>
      <line num="89" type="stmt" count="50"/>
      <line num="90" type="stmt" count="50"/>
      <line num="96" type="method" name="getSubscribingMethods" visibility="public" complexity="1" crap="1" count="50"/>
      <line num="98" type="stmt" count="50"/>
      <line num="100" type="stmt" count="50"/>
      <line num="101" type="stmt" count="50"/>
      <line num="102" type="stmt" count="50"/>
      <line num="103" type="stmt" count="50"/>
      <line num="104" type="stmt" count="50"/>
      <line num="105" type="stmt" count="50"/>
      <line num="106" type="stmt" count="50"/>
      <line num="107" type="stmt" count="50"/>
      <line num="109" type="stmt" count="50"/>
      <line num="110" type="stmt" count="50"/>
      <line num="111" type="stmt" count="50"/>
      <line num="112" type="stmt" count="50"/>
      <line num="113" type="stmt" count="50"/>
      <line num="114" type="stmt" count="50"/>
      <line num="115" type="stmt" count="50"/>
      <line num="116" type="stmt" count="50"/>
      <line num="118" type="stmt" count="50"/>
      <line num="119" type="stmt" count="50"/>
      <line num="120" type="stmt" count="50"/>
      <line num="121" type="stmt" count="50"/>
      <line num="128" type="method" name="serializeStringBackedEnumToXml" visibility="public" complexity="1" crap="1" count="23"/>
      <line num="134" type="stmt" count="23"/>
      <line num="141" type="method" name="deserializeStringBackedEnumFromXml" visibility="public" complexity="1" crap="1" count="35"/>
      <line num="147" type="stmt" count="35"/>
      <metrics loc="150" ncloc="132" classes="1" methods="4" coveredmethods="4" conditionals="0" coveredconditionals="0" statements="56" coveredstatements="56" elements="60" coveredelements="60"/>
    </file>
    <file name="/home/runner/work/nav-api-v3-php/nav-api-v3-php/src/V3/Types/AdditionalDataType.php">
      <class name="LightSideSoftware\NavApi\V3\Types\AdditionalDataType" namespace="global">
        <metrics complexity="1" methods="1" coveredmethods="1" conditionals="0" coveredconditionals="0" statements="1" coveredstatements="1" elements="2" coveredelements="2"/>
      </class>
      <line num="19" type="method" name="__construct" visibility="public" complexity="1" crap="1" count="2"/>
      <line num="41" type="stmt" count="2"/>
      <metrics loc="44" ncloc="30" classes="1" methods="1" coveredmethods="1" conditionals="0" coveredconditionals="0" statements="1" coveredstatements="1" elements="2" coveredelements="2"/>
    </file>
    <file name="/home/runner/work/nav-api-v3-php/nav-api-v3-php/src/V3/Types/AdditionalQueryParamsType.php">
      <class name="LightSideSoftware\NavApi\V3\Types\AdditionalQueryParamsType" namespace="global">
        <metrics complexity="1" methods="1" coveredmethods="1" conditionals="0" coveredconditionals="0" statements="1" coveredstatements="1" elements="2" coveredelements="2"/>
      </class>
      <line num="24" type="method" name="__construct" visibility="public" complexity="1" crap="1" count="1"/>
      <line num="81" type="stmt" count="1"/>
      <metrics loc="84" ncloc="55" classes="1" methods="1" coveredmethods="1" conditionals="0" coveredconditionals="0" statements="1" coveredstatements="1" elements="2" coveredelements="2"/>
    </file>
    <file name="/home/runner/work/nav-api-v3-php/nav-api-v3-php/src/V3/Types/AddressType.php">
      <class name="LightSideSoftware\NavApi\V3\Types\AddressType" namespace="global">
        <metrics complexity="5" methods="1" coveredmethods="1" conditionals="0" coveredconditionals="0" statements="7" coveredstatements="7" elements="8" coveredelements="8"/>
      </class>
      <line num="22" type="method" name="__construct" visibility="public" complexity="5" crap="5" count="8"/>
      <line num="38" type="stmt" count="8"/>
      <line num="39" type="stmt" count="8"/>
      <line num="41" type="stmt" count="1"/>
      <line num="45" type="stmt" count="7"/>
      <line num="46" type="stmt" count="7"/>
      <line num="48" type="stmt" count="1"/>
      <line num="51" type="stmt" count="6"/>
      <metrics loc="54" ncloc="43" classes="1" methods="1" coveredmethods="1" conditionals="0" coveredconditionals="0" statements="7" coveredstatements="7" elements="8" coveredelements="8"/>
    </file>
    <file name="/home/runner/work/nav-api-v3-php/nav-api-v3-php/src/V3/Types/AdvanceDataType.php">
      <class name="LightSideSoftware\NavApi\V3\Types\AdvanceDataType" namespace="global">
        <metrics complexity="1" methods="1" coveredmethods="1" conditionals="0" coveredconditionals="0" statements="1" coveredstatements="1" elements="2" coveredelements="2"/>
      </class>
      <line num="16" type="method" name="__construct" visibility="public" complexity="1" crap="1" count="1"/>
      <line num="28" type="stmt" count="1"/>
      <metrics loc="31" ncloc="20" classes="1" methods="1" coveredmethods="1" conditionals="0" coveredconditionals="0" statements="1" coveredstatements="1" elements="2" coveredelements="2"/>
    </file>
    <file name="/home/runner/work/nav-api-v3-php/nav-api-v3-php/src/V3/Types/AdvancePaymentDataType.php">
      <class name="LightSideSoftware\NavApi\V3\Types\AdvancePaymentDataType" namespace="global">
        <metrics complexity="1" methods="1" coveredmethods="1" conditionals="0" coveredconditionals="0" statements="1" coveredstatements="1" elements="2" coveredelements="2"/>
      </class>
      <line num="21" type="method" name="__construct" visibility="public" complexity="1" crap="1" count="1"/>
      <line num="42" type="stmt" count="1"/>
      <metrics loc="45" ncloc="31" classes="1" methods="1" coveredmethods="1" conditionals="0" coveredconditionals="0" statements="1" coveredstatements="1" elements="2" coveredelements="2"/>
    </file>
    <file name="/home/runner/work/nav-api-v3-php/nav-api-v3-php/src/V3/Types/AggregateInvoiceLineDataType.php">
      <class name="LightSideSoftware\NavApi\V3\Types\AggregateInvoiceLineDataType" namespace="global">
        <metrics complexity="1" methods="1" coveredmethods="1" conditionals="0" coveredconditionals="0" statements="1" coveredstatements="1" elements="2" coveredelements="2"/>
      </class>
      <line num="28" type="method" name="__construct" visibility="public" complexity="1" crap="1" count="1"/>
      <line num="44" type="stmt" count="1"/>
      <metrics loc="47" ncloc="35" classes="1" methods="1" coveredmethods="1" conditionals="0" coveredconditionals="0" statements="1" coveredstatements="1" elements="2" coveredelements="2"/>
    </file>
    <file name="/home/runner/work/nav-api-v3-php/nav-api-v3-php/src/V3/Types/AircraftType.php">
      <class name="LightSideSoftware\NavApi\V3\Types\AircraftType" namespace="global">
        <metrics complexity="1" methods="1" coveredmethods="1" conditionals="0" coveredconditionals="0" statements="1" coveredstatements="1" elements="2" coveredelements="2"/>
      </class>
      <line num="16" type="method" name="__construct" visibility="public" complexity="1" crap="1" count="1"/>
      <line num="34" type="stmt" count="1"/>
      <metrics loc="37" ncloc="23" classes="1" methods="1" coveredmethods="1" conditionals="0" coveredconditionals="0" statements="1" coveredstatements="1" elements="2" coveredelements="2"/>
    </file>
    <file name="/home/runner/work/nav-api-v3-php/nav-api-v3-php/src/V3/Types/Annotations/ArrayValidation.php">
      <class name="LightSideSoftware\NavApi\V3\Types\Annotations\ArrayValidation" namespace="global">
        <metrics complexity="22" methods="2" coveredmethods="2" conditionals="0" coveredconditionals="0" statements="33" coveredstatements="33" elements="35" coveredelements="35"/>
      </class>
      <line num="32" type="method" name="__construct" visibility="public" complexity="8" crap="8" count="73"/>
      <line num="38" type="stmt" count="73"/>
      <line num="41" type="stmt" count="73"/>
      <line num="42" type="stmt" count="73"/>
      <line num="44" type="stmt" count="1"/>
      <line num="48" type="stmt" count="72"/>
      <line num="49" type="stmt" count="72"/>
      <line num="51" type="stmt" count="1"/>
      <line num="55" type="stmt" count="71"/>
      <line num="56" type="stmt" count="71"/>
      <line num="57" type="stmt" count="71"/>
      <line num="59" type="stmt" count="1"/>
      <line num="63" type="method" name="validateProperty" visibility="public" complexity="14" crap="14" count="67"/>
      <line num="65" type="stmt" count="67"/>
      <line num="67" type="stmt" count="67"/>
      <line num="68" type="stmt" count="1"/>
      <line num="71" type="stmt" count="66"/>
      <line num="72" type="stmt" count="1"/>
      <line num="73" type="stmt" count="1"/>
      <line num="76" type="stmt" count="65"/>
      <line num="78" type="stmt" count="65"/>
      <line num="79" type="stmt" count="1"/>
      <line num="82" type="stmt" count="65"/>
      <line num="83" type="stmt" count="1"/>
      <line num="86" type="stmt" count="65"/>
      <line num="87" type="stmt" count="58"/>
      <line num="88" type="stmt" count="32"/>
      <line num="89" type="stmt" count="32"/>
      <line num="90" type="stmt" count="2"/>
      <line num="95" type="stmt" count="65"/>
      <line num="96" type="stmt" count="6"/>
      <line num="97" type="stmt" count="6"/>
      <line num="98" type="stmt" count="3"/>
      <line num="100" type="stmt" count="6"/>
      <line num="103" type="stmt" count="65"/>
      <metrics loc="106" ncloc="100" classes="1" methods="2" coveredmethods="2" conditionals="0" coveredconditionals="0" statements="33" coveredstatements="33" elements="35" coveredelements="35"/>
    </file>
    <file name="/home/runner/work/nav-api-v3-php/nav-api-v3-php/src/V3/Types/Annotations/AtomicStringType100Validation.php">
      <class name="LightSideSoftware\NavApi\V3\Types\Annotations\AtomicStringType100Validation" namespace="global">
        <metrics complexity="1" methods="1" coveredmethods="1" conditionals="0" coveredconditionals="0" statements="1" coveredstatements="1" elements="2" coveredelements="2"/>
      </class>
      <line num="20" type="method" name="__construct" visibility="public" complexity="1" crap="1" count="1"/>
      <line num="22" type="stmt" count="1"/>
      <metrics loc="25" ncloc="17" classes="1" methods="1" coveredmethods="1" conditionals="0" coveredconditionals="0" statements="1" coveredstatements="1" elements="2" coveredelements="2"/>
    </file>
    <file name="/home/runner/work/nav-api-v3-php/nav-api-v3-php/src/V3/Types/Annotations/AtomicStringType1024Validation.php">
      <class name="LightSideSoftware\NavApi\V3\Types\Annotations\AtomicStringType1024Validation" namespace="global">
        <metrics complexity="1" methods="1" coveredmethods="1" conditionals="0" coveredconditionals="0" statements="1" coveredstatements="1" elements="2" coveredelements="2"/>
      </class>
      <line num="20" type="method" name="__construct" visibility="public" complexity="1" crap="1" count="1"/>
      <line num="22" type="stmt" count="1"/>
      <metrics loc="25" ncloc="17" classes="1" methods="1" coveredmethods="1" conditionals="0" coveredconditionals="0" statements="1" coveredstatements="1" elements="2" coveredelements="2"/>
    </file>
    <file name="/home/runner/work/nav-api-v3-php/nav-api-v3-php/src/V3/Types/Annotations/AtomicStringType128Validation.php">
      <class name="LightSideSoftware\NavApi\V3\Types\Annotations\AtomicStringType128Validation" namespace="global">
        <metrics complexity="1" methods="1" coveredmethods="1" conditionals="0" coveredconditionals="0" statements="1" coveredstatements="1" elements="2" coveredelements="2"/>
      </class>
      <line num="20" type="method" name="__construct" visibility="public" complexity="1" crap="1" count="1"/>
      <line num="22" type="stmt" count="1"/>
      <metrics loc="25" ncloc="17" classes="1" methods="1" coveredmethods="1" conditionals="0" coveredconditionals="0" statements="1" coveredstatements="1" elements="2" coveredelements="2"/>
    </file>
    <file name="/home/runner/work/nav-api-v3-php/nav-api-v3-php/src/V3/Types/Annotations/AtomicStringType15Validation.php">
      <class name="LightSideSoftware\NavApi\V3\Types\Annotations\AtomicStringType15Validation" namespace="global">
        <metrics complexity="1" methods="1" coveredmethods="1" conditionals="0" coveredconditionals="0" statements="1" coveredstatements="1" elements="2" coveredelements="2"/>
      </class>
      <line num="20" type="method" name="__construct" visibility="public" complexity="1" crap="1" count="36"/>
      <line num="22" type="stmt" count="36"/>
      <metrics loc="25" ncloc="17" classes="1" methods="1" coveredmethods="1" conditionals="0" coveredconditionals="0" statements="1" coveredstatements="1" elements="2" coveredelements="2"/>
    </file>
    <file name="/home/runner/work/nav-api-v3-php/nav-api-v3-php/src/V3/Types/Annotations/AtomicStringType16Validation.php">
      <class name="LightSideSoftware\NavApi\V3\Types\Annotations\AtomicStringType16Validation" namespace="global">
        <metrics complexity="1" methods="1" coveredmethods="1" conditionals="0" coveredconditionals="0" statements="1" coveredstatements="1" elements="2" coveredelements="2"/>
      </class>
      <line num="20" type="method" name="__construct" visibility="public" complexity="1" crap="1" count="1"/>
      <line num="22" type="stmt" count="1"/>
      <metrics loc="25" ncloc="17" classes="1" methods="1" coveredmethods="1" conditionals="0" coveredconditionals="0" statements="1" coveredstatements="1" elements="2" coveredelements="2"/>
    </file>
    <file name="/home/runner/work/nav-api-v3-php/nav-api-v3-php/src/V3/Types/Annotations/AtomicStringType200Validation.php">
      <class name="LightSideSoftware\NavApi\V3\Types\Annotations\AtomicStringType200Validation" namespace="global">
        <metrics complexity="1" methods="1" coveredmethods="1" conditionals="0" coveredconditionals="0" statements="1" coveredstatements="1" elements="2" coveredelements="2"/>
      </class>
      <line num="20" type="method" name="__construct" visibility="public" complexity="1" crap="1" count="1"/>
      <line num="22" type="stmt" count="1"/>
      <metrics loc="25" ncloc="17" classes="1" methods="1" coveredmethods="1" conditionals="0" coveredconditionals="0" statements="1" coveredstatements="1" elements="2" coveredelements="2"/>
    </file>
    <file name="/home/runner/work/nav-api-v3-php/nav-api-v3-php/src/V3/Types/Annotations/AtomicStringType2048Validation.php">
      <class name="LightSideSoftware\NavApi\V3\Types\Annotations\AtomicStringType2048Validation" namespace="global">
        <metrics complexity="1" methods="1" coveredmethods="1" conditionals="0" coveredconditionals="0" statements="1" coveredstatements="1" elements="2" coveredelements="2"/>
      </class>
      <line num="20" type="method" name="__construct" visibility="public" complexity="1" crap="1" count="1"/>
      <line num="22" type="stmt" count="1"/>
      <metrics loc="25" ncloc="17" classes="1" methods="1" coveredmethods="1" conditionals="0" coveredconditionals="0" statements="1" coveredstatements="1" elements="2" coveredelements="2"/>
    </file>
    <file name="/home/runner/work/nav-api-v3-php/nav-api-v3-php/src/V3/Types/Annotations/AtomicStringType255Validation.php">
      <class name="LightSideSoftware\NavApi\V3\Types\Annotations\AtomicStringType255Validation" namespace="global">
        <metrics complexity="1" methods="1" coveredmethods="1" conditionals="0" coveredconditionals="0" statements="1" coveredstatements="1" elements="2" coveredelements="2"/>
      </class>
      <line num="20" type="method" name="__construct" visibility="public" complexity="1" crap="1" count="1"/>
      <line num="22" type="stmt" count="1"/>
      <metrics loc="25" ncloc="17" classes="1" methods="1" coveredmethods="1" conditionals="0" coveredconditionals="0" statements="1" coveredstatements="1" elements="2" coveredelements="2"/>
    </file>
    <file name="/home/runner/work/nav-api-v3-php/nav-api-v3-php/src/V3/Types/Annotations/AtomicStringType256Validation.php">
      <class name="LightSideSoftware\NavApi\V3\Types\Annotations\AtomicStringType256Validation" namespace="global">
        <metrics complexity="1" methods="1" coveredmethods="1" conditionals="0" coveredconditionals="0" statements="1" coveredstatements="1" elements="2" coveredelements="2"/>
      </class>
      <line num="20" type="method" name="__construct" visibility="public" complexity="1" crap="1" count="1"/>
      <line num="22" type="stmt" count="1"/>
      <metrics loc="25" ncloc="17" classes="1" methods="1" coveredmethods="1" conditionals="0" coveredconditionals="0" statements="1" coveredstatements="1" elements="2" coveredelements="2"/>
    </file>
    <file name="/home/runner/work/nav-api-v3-php/nav-api-v3-php/src/V3/Types/Annotations/AtomicStringType2Validation.php">
      <class name="LightSideSoftware\NavApi\V3\Types\Annotations\AtomicStringType2Validation" namespace="global">
        <metrics complexity="1" methods="1" coveredmethods="1" conditionals="0" coveredconditionals="0" statements="1" coveredstatements="1" elements="2" coveredelements="2"/>
      </class>
      <line num="20" type="method" name="__construct" visibility="public" complexity="1" crap="1" count="1"/>
      <line num="22" type="stmt" count="1"/>
      <metrics loc="25" ncloc="17" classes="1" methods="1" coveredmethods="1" conditionals="0" coveredconditionals="0" statements="1" coveredstatements="1" elements="2" coveredelements="2"/>
    </file>
    <file name="/home/runner/work/nav-api-v3-php/nav-api-v3-php/src/V3/Types/Annotations/AtomicStringType32Validation.php">
      <class name="LightSideSoftware\NavApi\V3\Types\Annotations\AtomicStringType32Validation" namespace="global">
        <metrics complexity="1" methods="1" coveredmethods="1" conditionals="0" coveredconditionals="0" statements="1" coveredstatements="1" elements="2" coveredelements="2"/>
      </class>
      <line num="20" type="method" name="__construct" visibility="public" complexity="1" crap="1" count="1"/>
      <line num="22" type="stmt" count="1"/>
      <metrics loc="25" ncloc="17" classes="1" methods="1" coveredmethods="1" conditionals="0" coveredconditionals="0" statements="1" coveredstatements="1" elements="2" coveredelements="2"/>
    </file>
    <file name="/home/runner/work/nav-api-v3-php/nav-api-v3-php/src/V3/Types/Annotations/AtomicStringType4000Validation.php">
      <class name="LightSideSoftware\NavApi\V3\Types\Annotations\AtomicStringType4000Validation" namespace="global">
        <metrics complexity="1" methods="1" coveredmethods="1" conditionals="0" coveredconditionals="0" statements="1" coveredstatements="1" elements="2" coveredelements="2"/>
      </class>
      <line num="20" type="method" name="__construct" visibility="public" complexity="1" crap="1" count="1"/>
      <line num="22" type="stmt" count="1"/>
      <metrics loc="25" ncloc="17" classes="1" methods="1" coveredmethods="1" conditionals="0" coveredconditionals="0" statements="1" coveredstatements="1" elements="2" coveredelements="2"/>
    </file>
    <file name="/home/runner/work/nav-api-v3-php/nav-api-v3-php/src/V3/Types/Annotations/AtomicStringType4Validation.php">
      <class name="LightSideSoftware\NavApi\V3\Types\Annotations\AtomicStringType4Validation" namespace="global">
        <metrics complexity="1" methods="1" coveredmethods="1" conditionals="0" coveredconditionals="0" statements="1" coveredstatements="1" elements="2" coveredelements="2"/>
      </class>
      <line num="20" type="method" name="__construct" visibility="public" complexity="1" crap="1" count="1"/>
      <line num="22" type="stmt" count="1"/>
      <metrics loc="25" ncloc="17" classes="1" methods="1" coveredmethods="1" conditionals="0" coveredconditionals="0" statements="1" coveredstatements="1" elements="2" coveredelements="2"/>
    </file>
    <file name="/home/runner/work/nav-api-v3-php/nav-api-v3-php/src/V3/Types/Annotations/AtomicStringType50Validation.php">
      <class name="LightSideSoftware\NavApi\V3\Types\Annotations\AtomicStringType50Validation" namespace="global">
        <metrics complexity="1" methods="1" coveredmethods="1" conditionals="0" coveredconditionals="0" statements="1" coveredstatements="1" elements="2" coveredelements="2"/>
      </class>
      <line num="20" type="method" name="__construct" visibility="public" complexity="1" crap="1" count="1"/>
      <line num="22" type="stmt" count="1"/>
      <metrics loc="25" ncloc="17" classes="1" methods="1" coveredmethods="1" conditionals="0" coveredconditionals="0" statements="1" coveredstatements="1" elements="2" coveredelements="2"/>
    </file>
    <file name="/home/runner/work/nav-api-v3-php/nav-api-v3-php/src/V3/Types/Annotations/AtomicStringType512Validation.php">
      <class name="LightSideSoftware\NavApi\V3\Types\Annotations\AtomicStringType512Validation" namespace="global">
        <metrics complexity="1" methods="1" coveredmethods="1" conditionals="0" coveredconditionals="0" statements="1" coveredstatements="1" elements="2" coveredelements="2"/>
      </class>
      <line num="20" type="method" name="__construct" visibility="public" complexity="1" crap="1" count="1"/>
      <line num="22" type="stmt" count="1"/>
      <metrics loc="25" ncloc="17" classes="1" methods="1" coveredmethods="1" conditionals="0" coveredconditionals="0" statements="1" coveredstatements="1" elements="2" coveredelements="2"/>
    </file>
    <file name="/home/runner/work/nav-api-v3-php/nav-api-v3-php/src/V3/Types/Annotations/AtomicStringType64Validation.php">
      <class name="LightSideSoftware\NavApi\V3\Types\Annotations\AtomicStringType64Validation" namespace="global">
        <metrics complexity="1" methods="1" coveredmethods="1" conditionals="0" coveredconditionals="0" statements="1" coveredstatements="1" elements="2" coveredelements="2"/>
      </class>
      <line num="20" type="method" name="__construct" visibility="public" complexity="1" crap="1" count="1"/>
      <line num="22" type="stmt" count="1"/>
      <metrics loc="25" ncloc="17" classes="1" methods="1" coveredmethods="1" conditionals="0" coveredconditionals="0" statements="1" coveredstatements="1" elements="2" coveredelements="2"/>
    </file>
    <file name="/home/runner/work/nav-api-v3-php/nav-api-v3-php/src/V3/Types/Annotations/AtomicStringType8Validation.php">
      <class name="LightSideSoftware\NavApi\V3\Types\Annotations\AtomicStringType8Validation" namespace="global">
        <metrics complexity="1" methods="1" coveredmethods="1" conditionals="0" coveredconditionals="0" statements="1" coveredstatements="1" elements="2" coveredelements="2"/>
      </class>
      <line num="20" type="method" name="__construct" visibility="public" complexity="1" crap="1" count="1"/>
      <line num="22" type="stmt" count="1"/>
      <metrics loc="25" ncloc="17" classes="1" methods="1" coveredmethods="1" conditionals="0" coveredconditionals="0" statements="1" coveredstatements="1" elements="2" coveredelements="2"/>
    </file>
    <file name="/home/runner/work/nav-api-v3-php/nav-api-v3-php/src/V3/Types/Annotations/BankAccountNumberTypeValidation.php">
      <class name="LightSideSoftware\NavApi\V3\Types\Annotations\BankAccountNumberTypeValidation" namespace="global">
        <metrics complexity="1" methods="1" coveredmethods="1" conditionals="0" coveredconditionals="0" statements="5" coveredstatements="5" elements="6" coveredelements="6"/>
      </class>
      <line num="20" type="method" name="__construct" visibility="public" complexity="1" crap="1" count="12"/>
      <line num="22" type="stmt" count="12"/>
      <line num="23" type="stmt" count="12"/>
      <line num="24" type="stmt" count="12"/>
      <line num="25" type="stmt" count="12"/>
      <line num="26" type="stmt" count="12"/>
      <metrics loc="29" ncloc="21" classes="1" methods="1" coveredmethods="1" conditionals="0" coveredconditionals="0" statements="5" coveredstatements="5" elements="6" coveredelements="6"/>
    </file>
    <file name="/home/runner/work/nav-api-v3-php/nav-api-v3-php/src/V3/Types/Annotations/CommunityVatNumberTypeValidation.php">
      <class name="LightSideSoftware\NavApi\V3\Types\Annotations\CommunityVatNumberTypeValidation" namespace="global">
        <metrics complexity="1" methods="1" coveredmethods="1" conditionals="0" coveredconditionals="0" statements="5" coveredstatements="5" elements="6" coveredelements="6"/>
      </class>
      <line num="20" type="method" name="__construct" visibility="public" complexity="1" crap="1" count="9"/>
      <line num="22" type="stmt" count="9"/>
      <line num="23" type="stmt" count="9"/>
      <line num="24" type="stmt" count="9"/>
      <line num="25" type="stmt" count="9"/>
      <line num="26" type="stmt" count="9"/>
      <metrics loc="29" ncloc="21" classes="1" methods="1" coveredmethods="1" conditionals="0" coveredconditionals="0" statements="5" coveredstatements="5" elements="6" coveredelements="6"/>
    </file>
    <file name="/home/runner/work/nav-api-v3-php/nav-api-v3-php/src/V3/Types/Annotations/CountryCodeTypeValidation.php">
      <class name="LightSideSoftware\NavApi\V3\Types\Annotations\CountryCodeTypeValidation" namespace="global">
        <metrics complexity="1" methods="1" coveredmethods="1" conditionals="0" coveredconditionals="0" statements="5" coveredstatements="5" elements="6" coveredelements="6"/>
      </class>
      <line num="20" type="method" name="__construct" visibility="public" complexity="1" crap="1" count="52"/>
      <line num="22" type="stmt" count="52"/>
      <line num="23" type="stmt" count="52"/>
      <line num="24" type="stmt" count="52"/>
      <line num="25" type="stmt" count="52"/>
      <line num="26" type="stmt" count="52"/>
      <metrics loc="29" ncloc="21" classes="1" methods="1" coveredmethods="1" conditionals="0" coveredconditionals="0" statements="5" coveredstatements="5" elements="6" coveredelements="6"/>
    </file>
    <file name="/home/runner/work/nav-api-v3-php/nav-api-v3-php/src/V3/Types/Annotations/CountyCodeTypeValidation.php">
      <class name="LightSideSoftware\NavApi\V3\Types\Annotations\CountyCodeTypeValidation" namespace="global">
        <metrics complexity="1" methods="1" coveredmethods="1" conditionals="0" coveredconditionals="0" statements="5" coveredstatements="5" elements="6" coveredelements="6"/>
      </class>
      <line num="20" type="method" name="__construct" visibility="public" complexity="1" crap="1" count="15"/>
      <line num="22" type="stmt" count="15"/>
      <line num="23" type="stmt" count="15"/>
      <line num="24" type="stmt" count="15"/>
      <line num="25" type="stmt" count="15"/>
      <line num="26" type="stmt" count="15"/>
      <metrics loc="29" ncloc="21" classes="1" methods="1" coveredmethods="1" conditionals="0" coveredconditionals="0" statements="5" coveredstatements="5" elements="6" coveredelements="6"/>
    </file>
    <file name="/home/runner/work/nav-api-v3-php/nav-api-v3-php/src/V3/Types/Annotations/CurrencyTypeValidation.php">
      <class name="LightSideSoftware\NavApi\V3\Types\Annotations\CurrencyTypeValidation" namespace="global">
        <metrics complexity="1" methods="1" coveredmethods="1" conditionals="0" coveredconditionals="0" statements="5" coveredstatements="5" elements="6" coveredelements="6"/>
      </class>
      <line num="20" type="method" name="__construct" visibility="public" complexity="1" crap="1" count="12"/>
      <line num="22" type="stmt" count="12"/>
      <line num="23" type="stmt" count="12"/>
      <line num="24" type="stmt" count="12"/>
      <line num="25" type="stmt" count="12"/>
      <line num="26" type="stmt" count="12"/>
      <metrics loc="29" ncloc="21" classes="1" methods="1" coveredmethods="1" conditionals="0" coveredconditionals="0" statements="5" coveredstatements="5" elements="6" coveredelements="6"/>
    </file>
    <file name="/home/runner/work/nav-api-v3-php/nav-api-v3-php/src/V3/Types/Annotations/DataNameTypeValidation.php">
      <class name="LightSideSoftware\NavApi\V3\Types\Annotations\DataNameTypeValidation" namespace="global">
        <metrics complexity="1" methods="1" coveredmethods="1" conditionals="0" coveredconditionals="0" statements="5" coveredstatements="5" elements="6" coveredelements="6"/>
      </class>
      <line num="20" type="method" name="__construct" visibility="public" complexity="1" crap="1" count="7"/>
      <line num="22" type="stmt" count="7"/>
      <line num="23" type="stmt" count="7"/>
      <line num="24" type="stmt" count="7"/>
      <line num="25" type="stmt" count="7"/>
      <line num="26" type="stmt" count="7"/>
      <metrics loc="29" ncloc="21" classes="1" methods="1" coveredmethods="1" conditionals="0" coveredconditionals="0" statements="5" coveredstatements="5" elements="6" coveredelements="6"/>
    </file>
    <file name="/home/runner/work/nav-api-v3-php/nav-api-v3-php/src/V3/Types/Annotations/DateTimeValidation.php">
      <class name="LightSideSoftware\NavApi\V3\Types\Annotations\DateTimeValidation" namespace="global">
        <metrics complexity="12" methods="2" coveredmethods="2" conditionals="0" coveredconditionals="0" statements="21" coveredstatements="21" elements="23" coveredelements="23"/>
      </class>
      <line num="27" type="method" name="__construct" visibility="public" complexity="1" crap="1" count="49"/>
      <line num="33" type="stmt" count="49"/>
      <line num="41" type="method" name="validateProperty" visibility="public" complexity="11" crap="11" count="53"/>
      <line num="43" type="stmt" count="53"/>
      <line num="45" type="stmt" count="53"/>
      <line num="46" type="stmt" count="4"/>
      <line num="49" type="stmt" count="51"/>
      <line num="50" type="stmt" count="1"/>
      <line num="52" type="stmt" count="1"/>
      <line num="55" type="stmt" count="50"/>
      <line num="57" type="stmt" count="50"/>
      <line num="58" type="stmt" count="1"/>
      <line num="59" type="stmt" count="1"/>
      <line num="62" type="stmt" count="50"/>
      <line num="63" type="stmt" count="1"/>
      <line num="64" type="stmt" count="1"/>
      <line num="67" type="stmt" count="50"/>
      <line num="68" type="stmt" count="7"/>
      <line num="69" type="stmt" count="7"/>
      <line num="72" type="stmt" count="50"/>
      <line num="73" type="stmt" count="1"/>
      <line num="74" type="stmt" count="1"/>
      <line num="77" type="stmt" count="50"/>
      <metrics loc="80" ncloc="69" classes="1" methods="2" coveredmethods="2" conditionals="0" coveredconditionals="0" statements="21" coveredstatements="21" elements="23" coveredelements="23"/>
    </file>
    <file name="/home/runner/work/nav-api-v3-php/nav-api-v3-php/src/V3/Types/Annotations/EkaerIdTypeValidation.php">
      <class name="LightSideSoftware\NavApi\V3\Types\Annotations\EkaerIdTypeValidation" namespace="global">
        <metrics complexity="1" methods="1" coveredmethods="1" conditionals="0" coveredconditionals="0" statements="5" coveredstatements="5" elements="6" coveredelements="6"/>
      </class>
      <line num="20" type="method" name="__construct" visibility="public" complexity="1" crap="1" count="4"/>
      <line num="22" type="stmt" count="4"/>
      <line num="23" type="stmt" count="4"/>
      <line num="24" type="stmt" count="4"/>
      <line num="25" type="stmt" count="4"/>
      <line num="26" type="stmt" count="4"/>
      <metrics loc="29" ncloc="21" classes="1" methods="1" coveredmethods="1" conditionals="0" coveredconditionals="0" statements="5" coveredstatements="5" elements="6" coveredelements="6"/>
    </file>
    <file name="/home/runner/work/nav-api-v3-php/nav-api-v3-php/src/V3/Types/Annotations/EntityIdTypeValidation.php">
      <class name="LightSideSoftware\NavApi\V3\Types\Annotations\EntityIdTypeValidation" namespace="global">
        <metrics complexity="1" methods="1" coveredmethods="1" conditionals="0" coveredconditionals="0" statements="5" coveredstatements="5" elements="6" coveredelements="6"/>
      </class>
      <line num="20" type="method" name="__construct" visibility="public" complexity="1" crap="1" count="49"/>
      <line num="22" type="stmt" count="49"/>
      <line num="23" type="stmt" count="49"/>
      <line num="24" type="stmt" count="49"/>
      <line num="25" type="stmt" count="49"/>
      <line num="26" type="stmt" count="49"/>
      <metrics loc="29" ncloc="21" classes="1" methods="1" coveredmethods="1" conditionals="0" coveredconditionals="0" statements="5" coveredstatements="5" elements="6" coveredelements="6"/>
    </file>
    <file name="/home/runner/work/nav-api-v3-php/nav-api-v3-php/src/V3/Types/Annotations/ExchangeRateTypeValidation.php">
      <class name="LightSideSoftware\NavApi\V3\Types\Annotations\ExchangeRateTypeValidation" namespace="global">
        <metrics complexity="1" methods="1" coveredmethods="1" conditionals="0" coveredconditionals="0" statements="5" coveredstatements="5" elements="6" coveredelements="6"/>
      </class>
      <line num="20" type="method" name="__construct" visibility="public" complexity="1" crap="1" count="9"/>
      <line num="22" type="stmt" count="9"/>
      <line num="23" type="stmt" count="9"/>
      <line num="24" type="stmt" count="9"/>
      <line num="25" type="stmt" count="9"/>
      <line num="26" type="stmt" count="9"/>
      <metrics loc="29" ncloc="21" classes="1" methods="1" coveredmethods="1" conditionals="0" coveredconditionals="0" statements="5" coveredstatements="5" elements="6" coveredelements="6"/>
    </file>
    <file name="/home/runner/work/nav-api-v3-php/nav-api-v3-php/src/V3/Types/Annotations/FloatValidation.php">
      <class name="LightSideSoftware\NavApi\V3\Types\Annotations\FloatValidation" namespace="global">
        <metrics complexity="29" methods="2" coveredmethods="2" conditionals="0" coveredconditionals="0" statements="47" coveredstatements="47" elements="49" coveredelements="49"/>
      </class>
      <line num="33" type="method" name="__construct" visibility="public" complexity="11" crap="11" count="50"/>
      <line num="41" type="stmt" count="50"/>
      <line num="43" type="stmt" count="50"/>
      <line num="44" type="stmt" count="1"/>
      <line num="47" type="stmt" count="49"/>
      <line num="48" type="stmt" count="1"/>
      <line num="51" type="stmt" count="48"/>
      <line num="52" type="stmt" count="1"/>
      <line num="55" type="stmt" count="47"/>
      <line num="56" type="stmt" count="1"/>
      <line num="60" type="method" name="validateProperty" visibility="public" complexity="18" crap="18" count="55"/>
      <line num="62" type="stmt" count="55"/>
      <line num="64" type="stmt" count="55"/>
      <line num="65" type="stmt" count="1"/>
      <line num="66" type="stmt" count="1"/>
      <line num="69" type="stmt" count="54"/>
      <line num="70" type="stmt" count="2"/>
      <line num="73" type="stmt" count="54"/>
      <line num="74" type="stmt" count="1"/>
      <line num="77" type="stmt" count="54"/>
      <line num="78" type="stmt" count="2"/>
      <line num="81" type="stmt" count="54"/>
      <line num="82" type="stmt" count="2"/>
      <line num="86" type="stmt" count="54"/>
      <line num="87" type="stmt" count="54"/>
      <line num="89" type="stmt" count="46"/>
      <line num="91" type="stmt" count="46"/>
      <line num="92" type="stmt" count="3"/>
      <line num="93" type="stmt" count="3"/>
      <line num="94" type="stmt" count="3"/>
      <line num="95" type="stmt" count="3"/>
      <line num="96" type="stmt" count="3"/>
      <line num="97" type="stmt" count="3"/>
      <line num="98" type="stmt" count="3"/>
      <line num="99" type="stmt" count="3"/>
      <line num="100" type="stmt" count="3"/>
[...]
      </class>
      <line num="16" type="method" name="__construct" visibility="public" complexity="1" crap="1" count="2"/>
      <line num="38" type="stmt" count="2"/>
      <metrics loc="41" ncloc="24" classes="1" methods="1" coveredmethods="1" conditionals="0" coveredconditionals="0" statements="1" coveredstatements="1" elements="2" coveredelements="2"/>
    </file>
    <file name="/home/runner/work/nav-api-v3-php/nav-api-v3-php/src/V3/Types/SummaryGrossDataType.php">
      <class name="LightSideSoftware\NavApi\V3\Types\SummaryGrossDataType" namespace="global">
        <metrics complexity="1" methods="1" coveredmethods="1" conditionals="0" coveredconditionals="0" statements="1" coveredstatements="1" elements="2" coveredelements="2"/>
      </class>
      <line num="16" type="method" name="__construct" visibility="public" complexity="1" crap="1" count="2"/>
      <line num="29" type="stmt" count="2"/>
      <metrics loc="32" ncloc="21" classes="1" methods="1" coveredmethods="1" conditionals="0" coveredconditionals="0" statements="1" coveredstatements="1" elements="2" coveredelements="2"/>
    </file>
    <file name="/home/runner/work/nav-api-v3-php/nav-api-v3-php/src/V3/Types/SummaryNormalType.php">
      <class name="LightSideSoftware\NavApi\V3\Types\SummaryNormalType" namespace="global">
        <metrics complexity="1" methods="1" coveredmethods="1" conditionals="0" coveredconditionals="0" statements="1" coveredstatements="1" elements="2" coveredelements="2"/>
      </class>
      <line num="16" type="method" name="__construct" visibility="public" complexity="1" crap="1" count="2"/>
      <line num="46" type="stmt" count="2"/>
      <metrics loc="49" ncloc="29" classes="1" methods="1" coveredmethods="1" conditionals="0" coveredconditionals="0" statements="1" coveredstatements="1" elements="2" coveredelements="2"/>
    </file>
    <file name="/home/runner/work/nav-api-v3-php/nav-api-v3-php/src/V3/Types/SummarySimplifiedType.php">
      <class name="LightSideSoftware\NavApi\V3\Types\SummarySimplifiedType" namespace="global">
        <metrics complexity="1" methods="1" coveredmethods="1" conditionals="0" coveredconditionals="0" statements="1" coveredstatements="1" elements="2" coveredelements="2"/>
      </class>
      <line num="16" type="method" name="__construct" visibility="public" complexity="1" crap="1" count="1"/>
      <line num="34" type="stmt" count="1"/>
      <metrics loc="37" ncloc="23" classes="1" methods="1" coveredmethods="1" conditionals="0" coveredconditionals="0" statements="1" coveredstatements="1" elements="2" coveredelements="2"/>
    </file>
    <file name="/home/runner/work/nav-api-v3-php/nav-api-v3-php/src/V3/Types/SummaryType.php">
      <class name="LightSideSoftware\NavApi\V3\Types\SummaryType" namespace="global">
        <metrics complexity="5" methods="1" coveredmethods="1" conditionals="0" coveredconditionals="0" statements="6" coveredstatements="6" elements="7" coveredelements="7"/>
      </class>
      <line num="17" type="method" name="__construct" visibility="public" complexity="5" crap="5" count="5"/>
      <line num="38" type="stmt" count="5"/>
      <line num="39" type="stmt" count="5"/>
      <line num="41" type="stmt" count="5"/>
      <line num="42" type="stmt" count="5"/>
      <line num="45" type="stmt" count="2"/>
      <line num="48" type="stmt" count="3"/>
      <metrics loc="51" ncloc="37" classes="1" methods="1" coveredmethods="1" conditionals="0" coveredconditionals="0" statements="6" coveredstatements="6" elements="7" coveredelements="7"/>
    </file>
    <file name="/home/runner/work/nav-api-v3-php/nav-api-v3-php/src/V3/Types/SupplierInfoType.php">
      <class name="LightSideSoftware\NavApi\V3\Types\SupplierInfoType" namespace="global">
        <metrics complexity="1" methods="1" coveredmethods="1" conditionals="0" coveredconditionals="0" statements="1" coveredstatements="1" elements="2" coveredelements="2"/>
      </class>
      <line num="35" type="method" name="__construct" visibility="public" complexity="1" crap="1" count="2"/>
      <line num="89" type="stmt" count="2"/>
      <metrics loc="92" ncloc="63" classes="1" methods="1" coveredmethods="1" conditionals="0" coveredconditionals="0" statements="1" coveredstatements="1" elements="2" coveredelements="2"/>
    </file>
    <file name="/home/runner/work/nav-api-v3-php/nav-api-v3-php/src/V3/Types/TaxNumberType.php">
      <class name="LightSideSoftware\NavApi\V3\Types\TaxNumberType" namespace="global">
        <metrics complexity="1" methods="1" coveredmethods="1" conditionals="0" coveredconditionals="0" statements="1" coveredstatements="1" elements="2" coveredelements="2"/>
      </class>
      <line num="20" type="method" name="__construct" visibility="public" complexity="1" crap="1" count="8"/>
      <line num="44" type="stmt" count="8"/>
      <metrics loc="47" ncloc="33" classes="1" methods="1" coveredmethods="1" conditionals="0" coveredconditionals="0" statements="1" coveredstatements="1" elements="2" coveredelements="2"/>
    </file>
    <file name="/home/runner/work/nav-api-v3-php/nav-api-v3-php/src/V3/Types/TaxpayerAddressItemType.php">
      <class name="LightSideSoftware\NavApi\V3\Types\TaxpayerAddressItemType" namespace="global">
        <metrics complexity="1" methods="1" coveredmethods="1" conditionals="0" coveredconditionals="0" statements="1" coveredstatements="1" elements="2" coveredelements="2"/>
      </class>
      <line num="17" type="method" name="__construct" visibility="public" complexity="1" crap="1" count="1"/>
      <line num="30" type="stmt" count="1"/>
      <metrics loc="33" ncloc="22" classes="1" methods="1" coveredmethods="1" conditionals="0" coveredconditionals="0" statements="1" coveredstatements="1" elements="2" coveredelements="2"/>
    </file>
    <file name="/home/runner/work/nav-api-v3-php/nav-api-v3-php/src/V3/Types/TaxpayerAddressListType.php">
      <class name="LightSideSoftware\NavApi\V3\Types\TaxpayerAddressListType" namespace="global">
        <metrics complexity="1" methods="1" coveredmethods="1" conditionals="0" coveredconditionals="0" statements="1" coveredstatements="1" elements="2" coveredelements="2"/>
      </class>
      <line num="19" type="method" name="__construct" visibility="public" complexity="1" crap="1" count="1"/>
      <line num="28" type="stmt" count="1"/>
      <metrics loc="31" ncloc="23" classes="1" methods="1" coveredmethods="1" conditionals="0" coveredconditionals="0" statements="1" coveredstatements="1" elements="2" coveredelements="2"/>
    </file>
    <file name="/home/runner/work/nav-api-v3-php/nav-api-v3-php/src/V3/Types/TaxpayerDataType.php">
      <class name="LightSideSoftware\NavApi\V3\Types\TaxpayerDataType" namespace="global">
        <metrics complexity="1" methods="1" coveredmethods="1" conditionals="0" coveredconditionals="0" statements="1" coveredstatements="1" elements="2" coveredelements="2"/>
      </class>
      <line num="33" type="method" name="__construct" visibility="public" complexity="1" crap="1" count="1"/>
      <line num="76" type="stmt" count="1"/>
      <metrics loc="79" ncloc="56" classes="1" methods="1" coveredmethods="1" conditionals="0" coveredconditionals="0" statements="1" coveredstatements="1" elements="2" coveredelements="2"/>
    </file>
    <file name="/home/runner/work/nav-api-v3-php/nav-api-v3-php/src/V3/Types/TechnicalValidationResultType.php">
      <class name="LightSideSoftware\NavApi\V3\Types\TechnicalValidationResultType" namespace="global">
        <metrics complexity="1" methods="1" coveredmethods="1" conditionals="0" coveredconditionals="0" statements="1" coveredstatements="1" elements="2" coveredelements="2"/>
      </class>
      <line num="20" type="method" name="__construct" visibility="public" complexity="1" crap="1" count="3"/>
      <line num="42" type="stmt" count="3"/>
      <metrics loc="45" ncloc="31" classes="1" methods="1" coveredmethods="1" conditionals="0" coveredconditionals="0" statements="1" coveredstatements="1" elements="2" coveredelements="2"/>
    </file>
    <file name="/home/runner/work/nav-api-v3-php/nav-api-v3-php/src/V3/Types/TransactionListResultType.php">
      <class name="LightSideSoftware\NavApi\V3\Types\TransactionListResultType" namespace="global">
        <metrics complexity="1" methods="1" coveredmethods="1" conditionals="0" coveredconditionals="0" statements="1" coveredstatements="1" elements="2" coveredelements="2"/>
      </class>
      <line num="21" type="method" name="__construct" visibility="public" complexity="1" crap="1" count="1"/>
      <line num="45" type="stmt" count="1"/>
      <metrics loc="48" ncloc="34" classes="1" methods="1" coveredmethods="1" conditionals="0" coveredconditionals="0" statements="1" coveredstatements="1" elements="2" coveredelements="2"/>
    </file>
    <file name="/home/runner/work/nav-api-v3-php/nav-api-v3-php/src/V3/Types/TransactionQueryParamsType.php">
      <class name="LightSideSoftware\NavApi\V3\Types\TransactionQueryParamsType" namespace="global">
        <metrics complexity="1" methods="1" coveredmethods="1" conditionals="0" coveredconditionals="0" statements="1" coveredstatements="1" elements="2" coveredelements="2"/>
      </class>
      <line num="20" type="method" name="__construct" visibility="public" complexity="1" crap="1" count="1"/>
      <line num="41" type="stmt" count="1"/>
      <metrics loc="44" ncloc="30" classes="1" methods="1" coveredmethods="1" conditionals="0" coveredconditionals="0" statements="1" coveredstatements="1" elements="2" coveredelements="2"/>
    </file>
    <file name="/home/runner/work/nav-api-v3-php/nav-api-v3-php/src/V3/Types/TransactionType.php">
      <class name="LightSideSoftware\NavApi\V3\Types\TransactionType" namespace="global">
        <metrics complexity="1" methods="1" coveredmethods="1" conditionals="0" coveredconditionals="0" statements="1" coveredstatements="1" elements="2" coveredelements="2"/>
      </class>
      <line num="25" type="method" name="__construct" visibility="public" complexity="1" crap="1" count="2"/>
      <line num="79" type="stmt" count="2"/>
      <metrics loc="82" ncloc="53" classes="1" methods="1" coveredmethods="1" conditionals="0" coveredconditionals="0" statements="1" coveredstatements="1" elements="2" coveredelements="2"/>
    </file>
    <file name="/home/runner/work/nav-api-v3-php/nav-api-v3-php/src/V3/Types/UserHeaderType.php">
      <class name="LightSideSoftware\NavApi\V3\Types\UserHeaderType" namespace="global">
        <metrics complexity="1" methods="1" coveredmethods="1" conditionals="0" coveredconditionals="0" statements="1" coveredstatements="1" elements="2" coveredelements="2"/>
      </class>
      <line num="18" type="method" name="__construct" visibility="public" complexity="1" crap="1" count="13"/>
      <line num="45" type="stmt" count="13"/>
      <metrics loc="48" ncloc="31" classes="1" methods="1" coveredmethods="1" conditionals="0" coveredconditionals="0" statements="1" coveredstatements="1" elements="2" coveredelements="2"/>
    </file>
    <file name="/home/runner/work/nav-api-v3-php/nav-api-v3-php/src/V3/Types/Validation/ErrorBag.php">
      <class name="LightSideSoftware\NavApi\V3\Types\Validation\ErrorBag" namespace="global">
        <metrics complexity="7" methods="5" coveredmethods="5" conditionals="0" coveredconditionals="0" statements="14" coveredstatements="14" elements="19" coveredelements="19"/>
      </class>
      <line num="22" type="method" name="addError" visibility="public" complexity="2" crap="2" count="133"/>
      <line num="24" type="stmt" count="133"/>
      <line num="25" type="stmt" count="42"/>
      <line num="27" type="stmt" count="133"/>
      <line num="31" type="method" name="hasErrors" visibility="public" complexity="1" crap="1" count="317"/>
      <line num="33" type="stmt" count="317"/>
      <line num="36" type="method" name="merge" visibility="public" complexity="1" crap="1" count="110"/>
      <line num="38" type="stmt" count="110"/>
      <line num="40" type="stmt" count="110"/>
      <line num="46" type="method" name="getErrors" visibility="public" complexity="2" crap="2" count="318"/>
      <line num="48" type="stmt" count="318"/>
      <line num="49" type="stmt" count="39"/>
      <line num="51" type="stmt" count="280"/>
      <line num="58" type="method" name="getMessages" visibility="public" complexity="1" crap="1" count="1"/>
      <line num="60" type="stmt" count="1"/>
      <line num="61" type="stmt" count="1"/>
      <line num="62" type="stmt" count="1"/>
      <line num="63" type="stmt" count="1"/>
      <line num="64" type="stmt" count="1"/>
      <metrics loc="67" ncloc="55" classes="1" methods="5" coveredmethods="5" conditionals="0" coveredconditionals="0" statements="14" coveredstatements="14" elements="19" coveredelements="19"/>
    </file>
    <file name="/home/runner/work/nav-api-v3-php/nav-api-v3-php/src/V3/Types/Validation/PropertyValidatorInterface.php">
      <metrics loc="14" ncloc="11" classes="0" methods="0" coveredmethods="0" conditionals="0" coveredconditionals="0" statements="0" coveredstatements="0" elements="0" coveredelements="0"/>
    </file>
    <file name="/home/runner/work/nav-api-v3-php/nav-api-v3-php/src/V3/Types/VatAmountMismatchType.php">
      <class name="LightSideSoftware\NavApi\V3\Types\VatAmountMismatchType" namespace="global">
        <metrics complexity="1" methods="1" coveredmethods="1" conditionals="0" coveredconditionals="0" statements="1" coveredstatements="1" elements="2" coveredelements="2"/>
      </class>
      <line num="18" type="method" name="__construct" visibility="public" complexity="1" crap="1" count="1"/>
      <line num="32" type="stmt" count="1"/>
      <metrics loc="35" ncloc="24" classes="1" methods="1" coveredmethods="1" conditionals="0" coveredconditionals="0" statements="1" coveredstatements="1" elements="2" coveredelements="2"/>
    </file>
    <file name="/home/runner/work/nav-api-v3-php/nav-api-v3-php/src/V3/Types/VatRateGrossDataType.php">
      <class name="LightSideSoftware\NavApi\V3\Types\VatRateGrossDataType" namespace="global">
        <metrics complexity="1" methods="1" coveredmethods="1" conditionals="0" coveredconditionals="0" statements="1" coveredstatements="1" elements="2" coveredelements="2"/>
      </class>
      <line num="16" type="method" name="__construct" visibility="public" complexity="1" crap="1" count="1"/>
      <line num="29" type="stmt" count="1"/>
      <metrics loc="32" ncloc="21" classes="1" methods="1" coveredmethods="1" conditionals="0" coveredconditionals="0" statements="1" coveredstatements="1" elements="2" coveredelements="2"/>
    </file>
    <file name="/home/runner/work/nav-api-v3-php/nav-api-v3-php/src/V3/Types/VatRateNetDataType.php">
      <class name="LightSideSoftware\NavApi\V3\Types\VatRateNetDataType" namespace="global">
        <metrics complexity="1" methods="1" coveredmethods="1" conditionals="0" coveredconditionals="0" statements="1" coveredstatements="1" elements="2" coveredelements="2"/>
      </class>
      <line num="16" type="method" name="__construct" visibility="public" complexity="1" crap="1" count="2"/>
      <line num="29" type="stmt" count="2"/>
      <metrics loc="32" ncloc="21" classes="1" methods="1" coveredmethods="1" conditionals="0" coveredconditionals="0" statements="1" coveredstatements="1" elements="2" coveredelements="2"/>
    </file>
    <file name="/home/runner/work/nav-api-v3-php/nav-api-v3-php/src/V3/Types/VatRateType.php">
      <class name="LightSideSoftware\NavApi\V3\Types\VatRateType" namespace="global">
        <metrics complexity="7" methods="1" coveredmethods="1" conditionals="0" coveredconditionals="0" statements="12" coveredstatements="12" elements="13" coveredelements="13"/>
      </class>
      <line num="18" type="method" name="__construct" visibility="public" complexity="7" crap="7" count="9"/>
      <line num="61" type="stmt" count="9"/>
      <line num="62" type="stmt" count="9"/>
      <line num="63" type="stmt" count="9"/>
      <line num="64" type="stmt" count="9"/>
      <line num="65" type="stmt" count="9"/>
      <line num="67" type="stmt" count="9"/>
      <line num="68" type="stmt" count="2"/>
      <line num="71" type="stmt" count="7"/>
      <line num="72" type="stmt" count="1"/>
      <line num="75" type="stmt" count="6"/>
      <line num="76" type="stmt" count="1"/>
      <line num="79" type="stmt" count="5"/>
      <metrics loc="82" ncloc="53" classes="1" methods="1" coveredmethods="1" conditionals="0" coveredconditionals="0" statements="12" coveredstatements="12" elements="13" coveredelements="13"/>
    </file>
    <file name="/home/runner/work/nav-api-v3-php/nav-api-v3-php/src/V3/Types/VatRateVatDataType.php">
      <class name="LightSideSoftware\NavApi\V3\Types\VatRateVatDataType" namespace="global">
        <metrics complexity="1" methods="1" coveredmethods="1" conditionals="0" coveredconditionals="0" statements="1" coveredstatements="1" elements="2" coveredelements="2"/>
      </class>
      <line num="16" type="method" name="__construct" visibility="public" complexity="1" crap="1" count="2"/>
      <line num="29" type="stmt" count="2"/>
      <metrics loc="32" ncloc="21" classes="1" methods="1" coveredmethods="1" conditionals="0" coveredconditionals="0" statements="1" coveredstatements="1" elements="2" coveredelements="2"/>
    </file>
    <file name="/home/runner/work/nav-api-v3-php/nav-api-v3-php/src/V3/Types/VehicleType.php">
      <class name="LightSideSoftware\NavApi\V3\Types\VehicleType" namespace="global">
        <metrics complexity="1" methods="1" coveredmethods="1" conditionals="0" coveredconditionals="0" statements="1" coveredstatements="1" elements="2" coveredelements="2"/>
      </class>
      <line num="16" type="method" name="__construct" visibility="public" complexity="1" crap="1" count="1"/>
      <line num="35" type="stmt" count="1"/>
      <metrics loc="38" ncloc="24" classes="1" methods="1" coveredmethods="1" conditionals="0" coveredconditionals="0" statements="1" coveredstatements="1" elements="2" coveredelements="2"/>
    </file>
    <file name="/home/runner/work/nav-api-v3-php/nav-api-v3-php/src/V3/Types/VesselType.php">
      <class name="LightSideSoftware\NavApi\V3\Types\VesselType" namespace="global">
        <metrics complexity="1" methods="1" coveredmethods="1" conditionals="0" coveredconditionals="0" statements="1" coveredstatements="1" elements="2" coveredelements="2"/>
      </class>
      <line num="16" type="method" name="__construct" visibility="public" complexity="1" crap="1" count="1"/>
      <line num="34" type="stmt" count="1"/>
      <metrics loc="37" ncloc="23" classes="1" methods="1" coveredmethods="1" conditionals="0" coveredconditionals="0" statements="1" coveredstatements="1" elements="2" coveredelements="2"/>
    </file>
    <file name="/home/runner/work/nav-api-v3-php/nav-api-v3-php/src/V3/Util.php">
      <class name="LightSideSoftware\NavApi\V3\Util" namespace="global">
        <metrics complexity="2" methods="2" coveredmethods="2" conditionals="0" coveredconditionals="0" statements="2" coveredstatements="2" elements="4" coveredelements="4"/>
      </class>
      <line num="15" type="method" name="encryptAes128" visibility="public" complexity="1" crap="1" count="15"/>
      <line num="17" type="stmt" count="15"/>
      <line num="20" type="method" name="decryptAes128" visibility="public" complexity="1" crap="1" count="3"/>
      <line num="22" type="stmt" count="3"/>
      <metrics loc="25" ncloc="22" classes="1" methods="2" coveredmethods="2" conditionals="0" coveredconditionals="0" statements="2" coveredstatements="2" elements="4" coveredelements="4"/>
    </file>
    <metrics files="248" loc="12255" ncloc="8533" classes="204" methods="311" coveredmethods="311" conditionals="0" coveredconditionals="0" statements="1045" coveredstatements="1045" elements="1356" coveredelements="1356"/>
  </project>
</coverage>
